2022.08.08 14:17:12 INFO  tracing is disabled for protocol LSP, to enable tracing of incoming and outgoing JSON messages create an empty file at /Users/tarek.a/code/Practice/Data-Engineering-Practice/ScalaPlayground/testing/scalatesting/.metals/lsp.trace.json or /Users/tarek.a/Library/Caches/org.scalameta.metals/lsp.trace.json
2022.08.08 14:17:13 INFO  logging to file /Users/tarek.a/code/Practice/Data-Engineering-Practice/ScalaPlayground/testing/scalatesting/.metals/metals.log
2022.08.08 14:17:13 INFO  Started: Metals version 0.11.7 in workspace '/Users/tarek.a/code/Practice/Data-Engineering-Practice/ScalaPlayground/testing/scalatesting' for client Visual Studio Code 1.69.1.
2022.08.08 14:17:13 INFO  time: initialize in 0.54s
2022.08.08 14:17:13 WARN  Flyway upgrade recommended: H2 2.1.214 is newer than this version of Flyway and support has not been tested. The latest supported version of H2 is 2.1.210.
2022.08.08 14:17:13 WARN  Build server is not auto-connectable.
2022.08.08 14:17:54 WARN  no build target for: /Users/tarek.a/code/Practice/Data-Engineering-Practice/ScalaPlayground/testing/scalatesting/src/main/scala/Main.scala
2022.08.08 14:17:55 INFO  no build target found for /Users/tarek.a/code/Practice/Data-Engineering-Practice/ScalaPlayground/testing/scalatesting/src/main/scala/Main.scala. Using presentation compiler with project's scala-library version: 3.1.3
2022.08.08 14:17:57 INFO  time: code lens generation in 1.15s
2022.08.08 14:17:57 INFO  time: code lens generation in 2s
2022.08.08 14:18:57 INFO  tracing is disabled for protocol LSP, to enable tracing of incoming and outgoing JSON messages create an empty file at /Users/tarek.a/code/Practice/Data-Engineering-Practice/ScalaPlayground/scalatesting/.metals/lsp.trace.json or /Users/tarek.a/Library/Caches/org.scalameta.metals/lsp.trace.json[0m
2022.08.08 14:18:57 INFO  logging to file /Users/tarek.a/code/Practice/Data-Engineering-Practice/ScalaPlayground/scalatesting/.metals/metals.log[0m
2022.08.08 14:18:57 INFO  Started: Metals version 0.11.7 in workspace '/Users/tarek.a/code/Practice/Data-Engineering-Practice/ScalaPlayground/scalatesting' for client Visual Studio Code 1.69.1.[0m
2022.08.08 14:18:58 INFO  time: initialize in 0.6s[0m
2022.08.08 14:19:01 WARN  Flyway upgrade recommended: H2 2.1.214 is newer than this version of Flyway and support has not been tested. The latest supported version of H2 is 2.1.210.[0m
2022.08.08 14:19:01 WARN  Build server is not auto-connectable.[0m
2022.08.08 14:19:03 INFO  running '/Library/Java/JavaVirtualMachines/openjdk-8.jdk/Contents/Home/bin/java -Djline.terminal=jline.UnsupportedTerminal -Dsbt.log.noformat=true -Dfile.encoding=UTF-8 -jar /var/folders/6p/vmr2gcp55q1dwht_b0vct4t00000gn/T/metals8614676652738727885/sbt-launch.jar -Dbloop.export-jar-classifiers=sources bloopInstall'[0m
2022.08.08 14:19:04 ERROR [info] [launcher] getting org.scala-sbt sbt 1.7.1  (this may take some time)...[0m
2022.08.08 14:19:04 WARN  no build target for: /Users/tarek.a/code/Practice/Data-Engineering-Practice/ScalaPlayground/scalatesting/project/metals.sbt[0m
2022.08.08 14:19:04 WARN  no build target for: /Users/tarek.a/code/Practice/Data-Engineering-Practice/ScalaPlayground/scalatesting/project/project/metals.sbt[0m
2022.08.08 14:19:04 INFO  skipping build import with status 'Started'[0m
2022.08.08 14:19:05 INFO  no build target found for /Users/tarek.a/code/Practice/Data-Engineering-Practice/ScalaPlayground/scalatesting/project/metals.sbt. Using presentation compiler with project's scala-library version: 3.1.3[0m
2022.08.08 14:19:06 WARN  no build target for: /Users/tarek.a/code/Practice/Data-Engineering-Practice/ScalaPlayground/scalatesting/src/main/scala/Main.scala[0m
2022.08.08 14:19:09 ERROR downloading https://repo1.maven.org/maven2/org/scala-sbt/io_2.12/1.7.0/io_2.12-1.7.0.jar ...[0m
2022.08.08 14:19:09 ERROR downloading https://repo1.maven.org/maven2/org/scala-sbt/run_2.12/1.7.1/run_2.12-1.7.1.jar ...[0m
2022.08.08 14:19:09 ERROR downloading https://repo1.maven.org/maven2/org/scala-sbt/main_2.12/1.7.1/main_2.12-1.7.1.jar ...[0m
2022.08.08 14:19:09 ERROR downloading https://repo1.maven.org/maven2/org/scala-sbt/sbt/1.7.1/sbt-1.7.1.jar ...[0m
2022.08.08 14:19:09 ERROR downloading https://repo1.maven.org/maven2/org/scala-sbt/command_2.12/1.7.1/command_2.12-1.7.1.jar ...[0m
2022.08.08 14:19:09 ERROR downloading https://repo1.maven.org/maven2/org/scala-lang/scala-library/2.12.16/scala-library-2.12.16.jar ...[0m
2022.08.08 14:19:09 ERROR downloading https://repo1.maven.org/maven2/org/scala-sbt/main-settings_2.12/1.7.1/main-settings_2.12-1.7.1.jar ...[0m
2022.08.08 14:19:09 ERROR downloading https://repo1.maven.org/maven2/org/scala-sbt/zinc-lm-integration_2.12/1.7.1/zinc-lm-integration_2.12-1.7.1.jar ...[0m
2022.08.08 14:19:09 ERROR downloading https://repo1.maven.org/maven2/org/scala-sbt/scripted-plugin_2.12/1.7.1/scripted-plugin_2.12-1.7.1.jar ...[0m
2022.08.08 14:19:09 ERROR downloading https://repo1.maven.org/maven2/org/scala-sbt/logic_2.12/1.7.1/logic_2.12-1.7.1.jar ...[0m
2022.08.08 14:19:09 ERROR downloading https://repo1.maven.org/maven2/org/scala-sbt/actions_2.12/1.7.1/actions_2.12-1.7.1.jar ...[0m
2022.08.08 14:19:09 ERROR downloading https://repo1.maven.org/maven2/org/scala-sbt/collections_2.12/1.7.1/collections_2.12-1.7.1.jar ...[0m
2022.08.08 14:19:09 ERROR :: loading settings :: url = jar:file:/private/var/folders/6p/vmr2gcp55q1dwht_b0vct4t00000gn/T/metals8614676652738727885/sbt-launch.jar!/org/apache/ivy/core/settings/ivysettings.xml[0m
2022.08.08 14:19:09 ERROR :: loading settings :: url = jar:file:/private/var/folders/6p/vmr2gcp55q1dwht_b0vct4t00000gn/T/metals8614676652738727885/sbt-launch.jar!/org/apache/ivy/core/settings/ivysettings.xml[0m
2022.08.08 14:19:09 ERROR :: loading settings :: url = jar:file:/private/var/folders/6p/vmr2gcp55q1dwht_b0vct4t00000gn/T/metals8614676652738727885/sbt-launch.jar!/org/apache/ivy/core/settings/ivysettings.xml[0m
2022.08.08 14:19:09 ERROR :: loading settings :: url = jar:file:/private/var/folders/6p/vmr2gcp55q1dwht_b0vct4t00000gn/T/metals8614676652738727885/sbt-launch.jar!/org/apache/ivy/core/settings/ivysettings.xml[0m
2022.08.08 14:19:09 ERROR :: loading settings :: url = jar:file:/private/var/folders/6p/vmr2gcp55q1dwht_b0vct4t00000gn/T/metals8614676652738727885/sbt-launch.jar!/org/apache/ivy/core/settings/ivysettings.xml[0m
2022.08.08 14:19:09 ERROR :: loading settings :: url = jar:file:/private/var/folders/6p/vmr2gcp55q1dwht_b0vct4t00000gn/T/metals8614676652738727885/sbt-launch.jar!/org/apache/ivy/core/settings/ivysettings.xml[0m
2022.08.08 14:19:09 ERROR :: loading settings :: url = jar:file:/private/var/folders/6p/vmr2gcp55q1dwht_b0vct4t00000gn/T/metals8614676652738727885/sbt-launch.jar!/org/apache/ivy/core/settings/ivysettings.xml[0m
2022.08.08 14:19:09 ERROR :: loading settings :: url = jar:file:/private/var/folders/6p/vmr2gcp55q1dwht_b0vct4t00000gn/T/metals8614676652738727885/sbt-launch.jar!/org/apache/ivy/core/settings/ivysettings.xml[0m
2022.08.08 14:19:09 ERROR :: loading settings :: url = jar:file:/private/var/folders/6p/vmr2gcp55q1dwht_b0vct4t00000gn/T/metals8614676652738727885/sbt-launch.jar!/org/apache/ivy/core/settings/ivysettings.xml[0m
2022.08.08 14:19:09 ERROR :: loading settings :: url = jar:file:/private/var/folders/6p/vmr2gcp55q1dwht_b0vct4t00000gn/T/metals8614676652738727885/sbt-launch.jar!/org/apache/ivy/core/settings/ivysettings.xml[0m
2022.08.08 14:19:09 ERROR :: loading settings :: url = jar:file:/private/var/folders/6p/vmr2gcp55q1dwht_b0vct4t00000gn/T/metals8614676652738727885/sbt-launch.jar!/org/apache/ivy/core/settings/ivysettings.xml[0m
2022.08.08 14:19:09 ERROR :: loading settings :: url = jar:file:/private/var/folders/6p/vmr2gcp55q1dwht_b0vct4t00000gn/T/metals8614676652738727885/sbt-launch.jar!/org/apache/ivy/core/settings/ivysettings.xml[0m
2022.08.08 14:19:09 ERROR 	[SUCCESSFUL ] org.scala-sbt#scripted-plugin_2.12;1.7.1!scripted-plugin_2.12.jar (88ms)[0m
2022.08.08 14:19:09 ERROR downloading https://repo1.maven.org/maven2/org/scala-sbt/util-logging_2.12/1.7.1/util-logging_2.12-1.7.1.jar ...[0m
2022.08.08 14:19:09 ERROR 	[SUCCESSFUL ] org.scala-sbt#zinc-lm-integration_2.12;1.7.1!zinc-lm-integration_2.12.jar (115ms)[0m
2022.08.08 14:19:09 ERROR downloading https://repo1.maven.org/maven2/org/scala-sbt/librarymanagement-core_2.12/1.7.0/librarymanagement-core_2.12-1.7.0.jar ...[0m
2022.08.08 14:19:09 ERROR 	[SUCCESSFUL ] org.scala-sbt#io_2.12;1.7.0!io_2.12.jar (149ms)[0m
2022.08.08 14:19:09 ERROR downloading https://repo1.maven.org/maven2/org/scala-sbt/librarymanagement-ivy_2.12/1.7.0/librarymanagement-ivy_2.12-1.7.0.jar ...[0m
2022.08.08 14:19:09 ERROR 	[SUCCESSFUL ] org.scala-sbt#util-logging_2.12;1.7.1!util-logging_2.12.jar (87ms)[0m
2022.08.08 14:19:09 ERROR downloading https://repo1.maven.org/maven2/org/scala-sbt/compiler-interface/1.7.1/compiler-interface-1.7.1.jar ...[0m
2022.08.08 14:19:09 ERROR 	[SUCCESSFUL ] org.scala-sbt#logic_2.12;1.7.1!logic_2.12.jar (190ms)[0m
2022.08.08 14:19:09 ERROR downloading https://repo1.maven.org/maven2/org/scala-sbt/zinc-compile_2.12/1.7.1/zinc-compile_2.12-1.7.1.jar ...[0m
2022.08.08 14:19:09 ERROR 	[SUCCESSFUL ] org.scala-sbt#actions_2.12;1.7.1!actions_2.12.jar (191ms)[0m
2022.08.08 14:19:09 ERROR downloading https://repo1.maven.org/maven2/org/scala-sbt/util-relation_2.12/1.7.1/util-relation_2.12-1.7.1.jar ...[0m
2022.08.08 14:19:09 ERROR 	[SUCCESSFUL ] org.scala-sbt#zinc-compile_2.12;1.7.1!zinc-compile_2.12.jar (58ms)[0m
2022.08.08 14:19:09 ERROR 	[SUCCESSFUL ] org.scala-sbt#compiler-interface;1.7.1!compiler-interface.jar (73ms)[0m
2022.08.08 14:19:09 ERROR downloading https://repo1.maven.org/maven2/org/scala-sbt/util-position_2.12/1.7.1/util-position_2.12-1.7.1.jar ...[0m
2022.08.08 14:19:09 ERROR 	[SUCCESSFUL ] org.scala-sbt#util-relation_2.12;1.7.1!util-relation_2.12.jar (58ms)[0m
2022.08.08 14:19:09 ERROR downloading https://repo1.maven.org/maven2/org/scala-lang/scala-reflect/2.12.16/scala-reflect-2.12.16.jar ...[0m
2022.08.08 14:19:09 ERROR downloading https://repo1.maven.org/maven2/org/scala-sbt/completion_2.12/1.7.1/completion_2.12-1.7.1.jar ...[0m
2022.08.08 14:19:09 ERROR 	[SUCCESSFUL ] org.scala-sbt#run_2.12;1.7.1!run_2.12.jar (269ms)[0m
2022.08.08 14:19:09 ERROR 	[SUCCESSFUL ] org.scala-sbt#librarymanagement-core_2.12;1.7.0!librarymanagement-core_2.12.jar (151ms)[0m
2022.08.08 14:19:09 ERROR downloading https://repo1.maven.org/maven2/org/scala-sbt/task-system_2.12/1.7.1/task-system_2.12-1.7.1.jar ...[0m
2022.08.08 14:19:09 ERROR downloading https://repo1.maven.org/maven2/org/scala-sbt/tasks_2.12/1.7.1/tasks_2.12-1.7.1.jar ...[0m
2022.08.08 14:19:09 ERROR 	[SUCCESSFUL ] org.scala-sbt#collections_2.12;1.7.1!collections_2.12.jar (273ms)[0m
2022.08.08 14:19:09 ERROR downloading https://repo1.maven.org/maven2/org/scala-sbt/testing_2.12/1.7.1/testing_2.12-1.7.1.jar ...[0m
2022.08.08 14:19:09 ERROR 	[SUCCESSFUL ] org.scala-sbt#main_2.12;1.7.1!main_2.12.jar (286ms)[0m
2022.08.08 14:19:09 ERROR downloading https://repo1.maven.org/maven2/org/scala-sbt/util-tracking_2.12/1.7.1/util-tracking_2.12-1.7.1.jar ...[0m
2022.08.08 14:19:09 ERROR 	[SUCCESSFUL ] org.scala-sbt#librarymanagement-ivy_2.12;1.7.0!librarymanagement-ivy_2.12.jar (141ms)[0m
2022.08.08 14:19:09 ERROR downloading https://repo1.maven.org/maven2/org/scala-sbt/zinc-classpath_2.12/1.7.1/zinc-classpath_2.12-1.7.1.jar ...[0m
2022.08.08 14:19:09 ERROR 	[SUCCESSFUL ] org.scala-sbt#command_2.12;1.7.1!command_2.12.jar (299ms)[0m
2022.08.08 14:19:09 ERROR downloading https://repo1.maven.org/maven2/org/scala-sbt/zinc-apiinfo_2.12/1.7.1/zinc-apiinfo_2.12-1.7.1.jar ...[0m
2022.08.08 14:19:09 ERROR 	[SUCCESSFUL ] org.scala-sbt#sbt;1.7.1!sbt.jar (301ms)[0m
2022.08.08 14:19:09 ERROR downloading https://repo1.maven.org/maven2/org/scala-sbt/zinc_2.12/1.7.1/zinc_2.12-1.7.1.jar ...[0m
2022.08.08 14:19:09 ERROR 	[SUCCESSFUL ] org.scala-sbt#util-position_2.12;1.7.1!util-position_2.12.jar (56ms)[0m
2022.08.08 14:19:09 ERROR downloading https://repo1.maven.org/maven2/org/scala-sbt/util-control_2.12/1.7.1/util-control_2.12-1.7.1.jar ...[0m
2022.08.08 14:19:09 ERROR 	[SUCCESSFUL ] org.scala-sbt#completion_2.12;1.7.1!completion_2.12.jar (88ms)[0m
2022.08.08 14:19:09 ERROR downloading https://repo1.maven.org/maven2/org/scala-sbt/util-interface/1.7.1/util-interface-1.7.1.jar ...[0m
2022.08.08 14:19:09 ERROR 	[SUCCESSFUL ] org.scala-lang#scala-library;2.12.16!scala-library.jar (351ms)[0m
2022.08.08 14:19:09 ERROR downloading https://repo1.maven.org/maven2/org/scala-sbt/core-macros_2.12/1.7.1/core-macros_2.12-1.7.1.jar ...[0m
2022.08.08 14:19:09 ERROR 	[SUCCESSFUL ] org.scala-sbt#zinc-classpath_2.12;1.7.1!zinc-classpath_2.12.jar (61ms)[0m
2022.08.08 14:19:09 ERROR 	[SUCCESSFUL ] org.scala-sbt#task-system_2.12;1.7.1!task-system_2.12.jar (84ms)[0m
2022.08.08 14:19:09 ERROR 	[SUCCESSFUL ] org.scala-sbt#util-tracking_2.12;1.7.1!util-tracking_2.12.jar (68ms)[0m
2022.08.08 14:19:09 ERROR downloading https://repo1.maven.org/maven2/org/scala-lang/scala-compiler/2.12.16/scala-compiler-2.12.16.jar ...[0m
2022.08.08 14:19:09 ERROR downloading https://repo1.maven.org/maven2/net/java/dev/jna/jna/5.12.0/jna-5.12.0.jar ...[0m
2022.08.08 14:19:09 ERROR downloading https://repo1.maven.org/maven2/com/swoval/file-tree-views/2.1.9/file-tree-views-2.1.9.jar ...[0m
2022.08.08 14:19:09 ERROR 	[SUCCESSFUL ] org.scala-sbt#tasks_2.12;1.7.1!tasks_2.12.jar (90ms)[0m
2022.08.08 14:19:09 ERROR 	[SUCCESSFUL ] org.scala-sbt#zinc-apiinfo_2.12;1.7.1!zinc-apiinfo_2.12.jar (62ms)[0m
2022.08.08 14:19:09 ERROR 	[SUCCESSFUL ] org.scala-sbt#testing_2.12;1.7.1!testing_2.12.jar (87ms)[0m
2022.08.08 14:19:09 ERROR downloading https://repo1.maven.org/maven2/net/java/dev/jna/jna-platform/5.12.0/jna-platform-5.12.0.jar ...[0m
2022.08.08 14:19:09 ERROR downloading https://repo1.maven.org/maven2/org/scala-sbt/util-cache_2.12/1.7.1/util-cache_2.12-1.7.1.jar ...[0m
2022.08.08 14:19:09 ERROR downloading https://repo1.maven.org/maven2/org/scala-sbt/test-agent/1.7.1/test-agent-1.7.1.jar ...[0m
2022.08.08 14:19:09 ERROR 	[SUCCESSFUL ] org.scala-sbt#util-interface;1.7.1!util-interface.jar (38ms)[0m
2022.08.08 14:19:09 ERROR downloading https://repo1.maven.org/maven2/org/scala-sbt/compiler-bridge_2.12/1.7.1/compiler-bridge_2.12-1.7.1.jar ...[0m
2022.08.08 14:19:09 ERROR 	[SUCCESSFUL ] org.scala-sbt#main-settings_2.12;1.7.1!main-settings_2.12.jar (387ms)[0m
2022.08.08 14:19:09 ERROR downloading https://repo1.maven.org/maven2/org/scala-sbt/zinc-classfile_2.12/1.7.1/zinc-classfile_2.12-1.7.1.jar ...[0m
2022.08.08 14:19:09 ERROR 	[SUCCESSFUL ] org.scala-sbt#util-control_2.12;1.7.1!util-control_2.12.jar (86ms)[0m
2022.08.08 14:19:09 ERROR downloading https://repo1.maven.org/maven2/com/eed3si9n/gigahorse-apache-http_2.12/0.7.0/gigahorse-apache-http_2.12-0.7.0.jar ...[0m
2022.08.08 14:19:09 ERROR 	[SUCCESSFUL ] org.scala-lang#scala-reflect;2.12.16!scala-reflect.jar (146ms)[0m
2022.08.08 14:19:09 ERROR downloading https://repo1.maven.org/maven2/com/eed3si9n/gigahorse-core_2.12/0.7.0/gigahorse-core_2.12-0.7.0.jar ...[0m
2022.08.08 14:19:09 ERROR 	[SUCCESSFUL ] org.scala-sbt#zinc_2.12;1.7.1!zinc_2.12.jar (100ms)[0m
2022.08.08 14:19:09 ERROR downloading https://repo1.maven.org/maven2/com/eed3si9n/shaded-apache-httpasyncclient/0.7.0/shaded-apache-httpasyncclient-0.7.0.jar ...[0m
2022.08.08 14:19:09 ERROR 	[SUCCESSFUL ] org.scala-sbt#core-macros_2.12;1.7.1!core-macros_2.12.jar (51ms)[0m
2022.08.08 14:19:09 ERROR downloading https://repo1.maven.org/maven2/com/typesafe/ssl-config-core_2.12/0.6.1/ssl-config-core_2.12-0.6.1.jar ...[0m
2022.08.08 14:19:09 ERROR 	[SUCCESSFUL ] com.swoval#file-tree-views;2.1.9!file-tree-views.jar (56ms)[0m
2022.08.08 14:19:09 ERROR downloading https://repo1.maven.org/maven2/org/reactivestreams/reactive-streams/1.0.3/reactive-streams-1.0.3.jar ...[0m
2022.08.08 14:19:09 ERROR 	[SUCCESSFUL ] org.scala-sbt#util-cache_2.12;1.7.1!util-cache_2.12.jar (60ms)[0m
2022.08.08 14:19:09 ERROR downloading https://repo1.maven.org/maven2/org/slf4j/slf4j-api/1.7.28/slf4j-api-1.7.28.jar ...[0m
2022.08.08 14:19:09 ERROR 	[SUCCESSFUL ] org.scala-sbt#zinc-classfile_2.12;1.7.1!zinc-classfile_2.12.jar (44ms)[0m
2022.08.08 14:19:09 ERROR downloading https://repo1.maven.org/maven2/com/typesafe/config/1.4.2/config-1.4.2.jar ...[0m
2022.08.08 14:19:09 ERROR 	[SUCCESSFUL ] com.eed3si9n#gigahorse-apache-http_2.12;0.7.0!gigahorse-apache-http_2.12.jar (46ms)[0m
2022.08.08 14:19:09 ERROR downloading https://repo1.maven.org/maven2/org/scala-sbt/zinc-core_2.12/1.7.1/zinc-core_2.12-1.7.1.jar ...[0m
2022.08.08 14:19:09 ERROR 	[SUCCESSFUL ] com.eed3si9n#gigahorse-core_2.12;0.7.0!gigahorse-core_2.12.jar (52ms)[0m
2022.08.08 14:19:09 ERROR downloading https://repo1.maven.org/maven2/org/scala-sbt/zinc-persist_2.12/1.7.1/zinc-persist_2.12-1.7.1.jar ...[0m
2022.08.08 14:19:09 ERROR 	[SUCCESSFUL ] org.reactivestreams#reactive-streams;1.0.3!reactive-streams.jar (49ms)[0m
2022.08.08 14:19:09 ERROR downloading https://repo1.maven.org/maven2/org/scala-sbt/zinc-compile-core_2.12/1.7.1/zinc-compile-core_2.12-1.7.1.jar ...[0m
2022.08.08 14:19:09 ERROR 	[SUCCESSFUL ] org.scala-sbt#test-agent;1.7.1!test-agent.jar (99ms)[0m
2022.08.08 14:19:09 ERROR downloading https://repo1.maven.org/maven2/org/scala-sbt/zinc-persist-core-assembly/1.7.1/zinc-persist-core-assembly-1.7.1.jar ...[0m
2022.08.08 14:19:09 ERROR 	[SUCCESSFUL ] org.slf4j#slf4j-api;1.7.28!slf4j-api.jar (50ms)[0m
2022.08.08 14:19:09 ERROR downloading https://repo1.maven.org/maven2/org/scala-sbt/protocol_2.12/1.7.1/protocol_2.12-1.7.1.jar ...[0m
2022.08.08 14:19:09 ERROR 	[SUCCESSFUL ] org.scala-sbt#compiler-bridge_2.12;1.7.1!compiler-bridge_2.12.jar (100ms)[0m
2022.08.08 14:19:09 ERROR downloading https://repo1.maven.org/maven2/org/scala-sbt/ipcsocket/ipcsocket/1.5.0/ipcsocket-1.5.0.jar ...[0m
2022.08.08 14:19:09 ERROR 	[SUCCESSFUL ] com.typesafe#ssl-config-core_2.12;0.6.1!ssl-config-core_2.12.jar(bundle) (95ms)[0m
2022.08.08 14:19:09 ERROR 	[SUCCESSFUL ] com.typesafe#config;1.4.2!config.jar(bundle) (68ms)[0m
2022.08.08 14:19:09 ERROR 	[SUCCESSFUL ] org.scala-sbt#zinc-compile-core_2.12;1.7.1!zinc-compile-core_2.12.jar (67ms)[0m
2022.08.08 14:19:09 ERROR 	[SUCCESSFUL ] org.scala-sbt#zinc-core_2.12;1.7.1!zinc-core_2.12.jar (119ms)[0m
2022.08.08 14:19:09 ERROR 	[SUCCESSFUL ] com.eed3si9n#shaded-apache-httpasyncclient;0.7.0!shaded-apache-httpasyncclient.jar (179ms)[0m
2022.08.08 14:19:09 ERROR 	[SUCCESSFUL ] org.scala-sbt#protocol_2.12;1.7.1!protocol_2.12.jar (119ms)[0m
2022.08.08 14:19:09 ERROR 	[SUCCESSFUL ] org.scala-sbt#zinc-persist_2.12;1.7.1!zinc-persist_2.12.jar (149ms)[0m
2022.08.08 14:19:09 ERROR 	[SUCCESSFUL ] org.scala-sbt.ipcsocket#ipcsocket;1.5.0!ipcsocket.jar (123ms)[0m
2022.08.08 14:19:09 ERROR 	[SUCCESSFUL ] net.java.dev.jna#jna;5.12.0!jna.jar (274ms)[0m
2022.08.08 14:19:09 ERROR 	[SUCCESSFUL ] org.scala-sbt#zinc-persist-core-assembly;1.7.1!zinc-persist-core-assembly.jar (170ms)[0m
2022.08.08 14:19:09 ERROR 	[SUCCESSFUL ] net.java.dev.jna#jna-platform;5.12.0!jna-platform.jar (396ms)[0m
2022.08.08 14:19:09 ERROR 	[SUCCESSFUL ] org.scala-lang#scala-compiler;2.12.16!scala-compiler.jar (452ms)[0m
2022.08.08 14:19:09 ERROR :: retrieving :: org.scala-sbt#boot-app[0m
2022.08.08 14:19:09 ERROR 	confs: [default][0m
2022.08.08 14:19:09 ERROR 	81 artifacts copied, 0 already retrieved[0m
2022.08.08 14:19:10 ERROR [info] [launcher] getting Scala 2.12.16 (for sbt)...[0m
2022.08.08 14:19:10 ERROR :: retrieving :: org.scala-sbt#boot-scala[0m
2022.08.08 14:19:10 ERROR 	confs: [default][0m
2022.08.08 14:19:10 ERROR 	5 artifacts copied, 0 already retrieved[0m
2022.08.08 14:19:12 INFO  [info] welcome to sbt 1.7.1 (Homebrew Java 1.8.0_322)[0m
2022.08.08 14:19:13 INFO  [info] loading settings for project scalatesting-build-build from metals.sbt ...[0m
2022.08.08 14:19:13 INFO  [info] loading project definition from /Users/tarek.a/code/Practice/Data-Engineering-Practice/ScalaPlayground/scalatesting/project/project[0m
2022.08.08 14:19:16 INFO  [info] loading settings for project scalatesting-build from metals.sbt ...[0m
2022.08.08 14:19:16 INFO  [info] loading project definition from /Users/tarek.a/code/Practice/Data-Engineering-Practice/ScalaPlayground/scalatesting/project[0m
2022.08.08 14:19:19 INFO  [success] Generated .bloop/scalatesting-build.json[0m
2022.08.08 14:19:19 INFO  [success] Total time: 3 s, completed 8-Aug-2022 2:19:19 PM[0m
2022.08.08 14:19:20 INFO  [info] loading settings for project scalatesting from build.sbt ...[0m
2022.08.08 14:19:20 INFO  [info] set current project to hello-world (in build file:/Users/tarek.a/code/Practice/Data-Engineering-Practice/ScalaPlayground/scalatesting/)[0m
2022.08.08 14:19:20 INFO  [success] Generated .bloop/scalatesting.json[0m
2022.08.08 14:19:20 INFO  [success] Generated .bloop/scalatesting-test.json[0m
2022.08.08 14:19:20 INFO  [success] Total time: 0 s, completed 8-Aug-2022 2:19:20 PM[0m
2022.08.08 14:19:21 INFO  time: ran 'sbt bloopInstall' in 17s[0m
2022.08.08 14:19:21 INFO  Attempting to connect to the build server...[0m
2022.08.08 14:19:21 INFO  Bloop uses /usr/local/Cellar/openjdk@8/1.8.0+322/libexec/openjdk.jdk/Contents/Home/jre defined at /Users/tarek.a/.bloop/bloop.json[0m
2022.08.08 14:19:21 INFO  tracing is disabled for protocol BSP, to enable tracing of incoming and outgoing JSON messages create an empty file at /Users/tarek.a/code/Practice/Data-Engineering-Practice/ScalaPlayground/scalatesting/.metals/bsp.trace.json or /Users/tarek.a/Library/Caches/org.scalameta.metals/bsp.trace.json[0m
2022.08.08 14:19:21 INFO  Attempting to connect to the build server...[0m
2022.08.08 14:19:21 INFO  Bloop uses /usr/local/Cellar/openjdk@8/1.8.0+322/libexec/openjdk.jdk/Contents/Home/jre defined at /Users/tarek.a/.bloop/bloop.json[0m
2022.08.08 14:19:21 INFO  tracing is disabled for protocol BSP, to enable tracing of incoming and outgoing JSON messages create an empty file at /Users/tarek.a/code/Practice/Data-Engineering-Practice/ScalaPlayground/scalatesting/project/.metals/bsp.trace.json or /Users/tarek.a/Library/Caches/org.scalameta.metals/bsp.trace.json[0m
2022.08.08 14:19:22 INFO  time: Connected to build server in 1.14s[0m
2022.08.08 14:19:22 INFO  Connected to Build server: Bloop v1.5.2[0m
2022.08.08 14:19:25 INFO  time: indexed workspace in 2.88s[0m
2022.08.08 14:20:11 INFO  compiling scalatesting (1 scala source)[0m
2022.08.08 14:20:11 INFO  time: compiled scalatesting in 0.65s[0m
Aug 08, 2022 2:21:16 PM org.eclipse.lsp4j.jsonrpc.services.GenericEndpoint notify
INFO: Unsupported notification method: $/setTrace
Aug 08, 2022 2:21:17 PM org.eclipse.lsp4j.jsonrpc.services.GenericEndpoint notify
INFO: Unsupported notification method: $/setTrace
Aug 08, 2022 2:21:17 PM org.eclipse.lsp4j.jsonrpc.services.GenericEndpoint notify
INFO: Unsupported notification method: $/setTrace
Aug 08, 2022 2:21:20 PM org.eclipse.lsp4j.jsonrpc.services.GenericEndpoint notify
INFO: Unsupported notification method: $/setTrace
Aug 08, 2022 2:21:22 PM org.eclipse.lsp4j.jsonrpc.services.GenericEndpoint notify
INFO: Unsupported notification method: $/setTrace
Aug 08, 2022 2:21:23 PM org.eclipse.lsp4j.jsonrpc.services.GenericEndpoint notify
INFO: Unsupported notification method: $/setTrace
Aug 08, 2022 2:21:23 PM org.eclipse.lsp4j.jsonrpc.services.GenericEndpoint notify
INFO: Unsupported notification method: $/setTrace
Aug 08, 2022 2:21:25 PM org.eclipse.lsp4j.jsonrpc.services.GenericEndpoint notify
INFO: Unsupported notification method: $/setTrace
Aug 08, 2022 2:21:26 PM org.eclipse.lsp4j.jsonrpc.services.GenericEndpoint notify
INFO: Unsupported notification method: $/setTrace
Aug 08, 2022 2:21:30 PM org.eclipse.lsp4j.jsonrpc.services.GenericEndpoint notify
INFO: Unsupported notification method: $/setTrace
Aug 08, 2022 2:21:31 PM org.eclipse.lsp4j.jsonrpc.services.GenericEndpoint notify
INFO: Unsupported notification method: $/setTrace
Aug 08, 2022 2:21:33 PM org.eclipse.lsp4j.jsonrpc.services.GenericEndpoint notify
INFO: Unsupported notification method: $/setTrace
Aug 08, 2022 2:21:38 PM org.eclipse.lsp4j.jsonrpc.services.GenericEndpoint notify
INFO: Unsupported notification method: $/setTrace
Aug 08, 2022 2:21:39 PM org.eclipse.lsp4j.jsonrpc.services.GenericEndpoint notify
INFO: Unsupported notification method: $/setTrace
Aug 08, 2022 2:21:39 PM org.eclipse.lsp4j.jsonrpc.services.GenericEndpoint notify
INFO: Unsupported notification method: $/setTrace
Aug 08, 2022 2:21:40 PM org.eclipse.lsp4j.jsonrpc.services.GenericEndpoint notify
INFO: Unsupported notification method: $/setTrace
Aug 08, 2022 2:21:44 PM org.eclipse.lsp4j.jsonrpc.services.GenericEndpoint notify
INFO: Unsupported notification method: $/setTrace
2022.08.08 14:31:48 INFO  running '/Library/Java/JavaVirtualMachines/openjdk-8.jdk/Contents/Home/bin/java -Djline.terminal=jline.UnsupportedTerminal -Dsbt.log.noformat=true -Dfile.encoding=UTF-8 -jar /var/folders/6p/vmr2gcp55q1dwht_b0vct4t00000gn/T/metals6311829827768008783/sbt-launch.jar -Dbloop.export-jar-classifiers=sources bloopInstall'[0m
2022.08.08 14:31:49 INFO  [info] welcome to sbt 1.7.1 (Homebrew Java 1.8.0_322)[0m
2022.08.08 14:31:49 INFO  [info] loading settings for project scalatesting-build-build from metals.sbt ...[0m
2022.08.08 14:31:50 INFO  [info] loading project definition from /Users/tarek.a/code/Practice/Data-Engineering-Practice/ScalaPlayground/scalatesting/project/project[0m
2022.08.08 14:31:50 INFO  [info] loading settings for project scalatesting-build from metals.sbt ...[0m
2022.08.08 14:31:50 INFO  [info] loading project definition from /Users/tarek.a/code/Practice/Data-Engineering-Practice/ScalaPlayground/scalatesting/project[0m
2022.08.08 14:31:52 INFO  [success] Generated .bloop/scalatesting-build.json[0m
2022.08.08 14:31:52 INFO  [success] Total time: 1 s, completed 8-Aug-2022 2:31:53 PM[0m
2022.08.08 14:31:52 INFO  [info] loading settings for project scalatesting from build.sbt ...[0m
2022.08.08 14:31:52 INFO  [info] set current project to hello-world (in build file:/Users/tarek.a/code/Practice/Data-Engineering-Practice/ScalaPlayground/scalatesting/)[0m
2022.08.08 14:31:52 INFO  [success] Generated .bloop/scalatesting.json[0m
2022.08.08 14:31:52 INFO  [success] Generated .bloop/scalatesting-test.json[0m
2022.08.08 14:31:52 INFO  [success] Total time: 0 s, completed 8-Aug-2022 2:31:53 PM[0m
2022.08.08 14:31:53 INFO  time: ran 'sbt bloopInstall' in 5.44s[0m
2022.08.08 14:31:53 INFO  Disconnecting from Bloop session...[0m
2022.08.08 14:31:53 INFO  Shut down connection with build server.[0m
2022.08.08 14:31:53 INFO  Shut down connection with build server.[0m
2022.08.08 14:31:53 INFO  Attempting to connect to the build server...[0m
2022.08.08 14:31:53 INFO  Bloop uses /usr/local/Cellar/openjdk@8/1.8.0+322/libexec/openjdk.jdk/Contents/Home/jre defined at /Users/tarek.a/.bloop/bloop.json[0m
2022.08.08 14:31:53 INFO  tracing is disabled for protocol BSP, to enable tracing of incoming and outgoing JSON messages create an empty file at /Users/tarek.a/code/Practice/Data-Engineering-Practice/ScalaPlayground/scalatesting/.metals/bsp.trace.json or /Users/tarek.a/Library/Caches/org.scalameta.metals/bsp.trace.json[0m
2022.08.08 14:31:53 INFO  Attempting to connect to the build server...[0m
2022.08.08 14:31:53 INFO  Bloop uses /usr/local/Cellar/openjdk@8/1.8.0+322/libexec/openjdk.jdk/Contents/Home/jre defined at /Users/tarek.a/.bloop/bloop.json[0m
2022.08.08 14:31:53 INFO  tracing is disabled for protocol BSP, to enable tracing of incoming and outgoing JSON messages create an empty file at /Users/tarek.a/code/Practice/Data-Engineering-Practice/ScalaPlayground/scalatesting/project/.metals/bsp.trace.json or /Users/tarek.a/Library/Caches/org.scalameta.metals/bsp.trace.json[0m
2022.08.08 14:31:53 INFO  time: Connected to build server in 62ms[0m
2022.08.08 14:31:53 INFO  Connected to Build server: Bloop v1.5.2[0m
2022.08.08 14:31:53 INFO  time: indexed workspace in 0.43s[0m
2022.08.08 14:32:09 INFO  tracing is disabled for protocol dap-server, to enable tracing of incoming and outgoing JSON messages create an empty file at /Users/tarek.a/code/Practice/Data-Engineering-Practice/ScalaPlayground/scalatesting/.metals/dap-server.trace.json or /Users/tarek.a/Library/Caches/org.scalameta.metals/dap-server.trace.json[0m
2022.08.08 14:32:09 INFO  tracing is disabled for protocol dap-client, to enable tracing of incoming and outgoing JSON messages create an empty file at /Users/tarek.a/code/Practice/Data-Engineering-Practice/ScalaPlayground/scalatesting/.metals/dap-client.trace.json or /Users/tarek.a/Library/Caches/org.scalameta.metals/dap-client.trace.json[0m
2022.08.08 14:32:09 INFO  Starting debug proxy for [Main][0m
2022.08.08 14:32:09 INFO  Trying to attach to remote debuggee VM localhost:55213 .[0m
2022.08.08 14:32:09 INFO  Attaching to debuggee VM succeeded.[0m
2022.08.08 14:32:09 INFO  Canceling debug proxy for [Main][0m
2022.08.08 14:32:09 INFO  Closing debug server tcp://0.0.0.0:55209[0m
Aug 08, 2022 2:32:10 PM org.eclipse.lsp4j.jsonrpc.json.StreamMessageProducer fireError
SEVERE: java.net.SocketException: Socket closed
org.eclipse.lsp4j.jsonrpc.JsonRpcException: java.net.SocketException: Socket closed
	at org.eclipse.lsp4j.jsonrpc.json.StreamMessageConsumer.consume(StreamMessageConsumer.java:72)
	at scala.meta.internal.metals.debug.SocketEndpoint.consume(SocketEndpoint.scala:22)
	at scala.meta.internal.metals.debug.MessageIdAdapter.consume(MessageIdAdapter.scala:43)
	at scala.meta.internal.metals.debug.ServerAdapter.send(ServerAdapter.scala:30)
	at scala.meta.internal.metals.debug.DebugProxy.$anonfun$handleClientMessage$1(DebugProxy.scala:146)
	at scala.meta.internal.metals.debug.MessageIdAdapter.$anonfun$listen$1(MessageIdAdapter.scala:57)
	at org.eclipse.lsp4j.jsonrpc.json.StreamMessageProducer.handleMessage(StreamMessageProducer.java:194)
	at org.eclipse.lsp4j.jsonrpc.json.StreamMessageProducer.listen(StreamMessageProducer.java:94)
	at scala.meta.internal.metals.debug.SocketEndpoint.listen(SocketEndpoint.scala:26)
	at scala.meta.internal.metals.debug.MessageIdAdapter.listen(MessageIdAdapter.scala:47)
	at scala.meta.internal.metals.debug.DebugProxy.$anonfun$listenToClient$1(DebugProxy.scala:65)
	at scala.runtime.java8.JFunction0$mcV$sp.apply(JFunction0$mcV$sp.scala:18)
	at scala.concurrent.Future$.$anonfun$apply$1(Future.scala:678)
	at scala.concurrent.impl.Promise$Transformation.run(Promise.scala:467)
	at java.util.concurrent.ThreadPoolExecutor.runWorker(ThreadPoolExecutor.java:1149)
	at java.util.concurrent.ThreadPoolExecutor$Worker.run(ThreadPoolExecutor.java:624)
	at java.lang.Thread.run(Thread.java:750)
Caused by: java.net.SocketException: Socket closed
	at java.net.SocketOutputStream.socketWrite(SocketOutputStream.java:118)
	at java.net.SocketOutputStream.write(SocketOutputStream.java:155)
	at java.io.BufferedOutputStream.flushBuffer(BufferedOutputStream.java:82)
	at java.io.BufferedOutputStream.flush(BufferedOutputStream.java:140)
	at org.eclipse.lsp4j.jsonrpc.json.StreamMessageConsumer.consume(StreamMessageConsumer.java:69)
	... 16 more

2022.08.08 14:32:17 INFO  compiling scalatesting (1 scala source)[0m
2022.08.08 14:32:17 INFO  time: compiled scalatesting in 0.55s[0m
2022.08.08 14:32:38 INFO  Deduplicating compilation of scalatesting from bsp client 'Metals 0.11.7' (since 44.381s)[0m
2022.08.08 14:32:38 INFO  tracing is disabled for protocol dap-server, to enable tracing of incoming and outgoing JSON messages create an empty file at /Users/tarek.a/code/Practice/Data-Engineering-Practice/ScalaPlayground/scalatesting/.metals/dap-server.trace.json or /Users/tarek.a/Library/Caches/org.scalameta.metals/dap-server.trace.json[0m
2022.08.08 14:32:38 INFO  tracing is disabled for protocol dap-client, to enable tracing of incoming and outgoing JSON messages create an empty file at /Users/tarek.a/code/Practice/Data-Engineering-Practice/ScalaPlayground/scalatesting/.metals/dap-client.trace.json or /Users/tarek.a/Library/Caches/org.scalameta.metals/dap-client.trace.json[0m
2022.08.08 14:32:38 INFO  Starting debug proxy for [Main][0m
2022.08.08 14:32:38 INFO  Trying to attach to remote debuggee VM localhost:55233 .[0m
2022.08.08 14:32:38 INFO  Attaching to debuggee VM succeeded.[0m
2022.08.08 14:32:38 INFO  Canceling debug proxy for [Main][0m
2022.08.08 14:32:38 INFO  Closing debug server tcp://0.0.0.0:55230[0m
Aug 08, 2022 2:33:34 PM org.eclipse.lsp4j.jsonrpc.services.GenericEndpoint notify
INFO: Unsupported notification method: $/setTrace
2022.08.08 14:33:45 INFO  compiling scalatesting (1 scala source)[0m
2022.08.08 14:33:45 INFO  time: compiled scalatesting in 0.52s[0m
2022.08.08 14:33:57 INFO  compiling scalatesting (1 scala source)[0m
Aug 08, 2022 2:33:57 PM scala.meta.internal.pc.CompilerAccess retryWithCleanCompiler
INFO: compiler crashed due to an error in the Scala compiler, retrying with new compiler instance.
Aug 08, 2022 2:33:57 PM scala.meta.internal.pc.CompilerAccess handleError
SEVERE: no context found for source-file:///Users/tarek.a/code/Practice/Data-Engineering-Practice/ScalaPlayground/scalatesting/src/main/scala/Main.scala,line-1,offset=46
scala.reflect.internal.FatalError: no context found for source-file:///Users/tarek.a/code/Practice/Data-Engineering-Practice/ScalaPlayground/scalatesting/src/main/scala/Main.scala,line-1,offset=46
	at scala.tools.nsc.interactive.CompilerControl.$anonfun$doLocateContext$1(CompilerControl.scala:100)
	at scala.tools.nsc.interactive.CompilerControl.doLocateContext(CompilerControl.scala:100)
	at scala.tools.nsc.interactive.CompilerControl.doLocateContext$(CompilerControl.scala:99)
	at scala.tools.nsc.interactive.Global.doLocateContext(Global.scala:114)
	at scala.meta.internal.pc.PcDefinitionProvider.definitionTypedTreeAt(PcDefinitionProvider.scala:104)
	at scala.meta.internal.pc.PcDefinitionProvider.definition(PcDefinitionProvider.scala:25)

2022.08.08 14:33:57 INFO  time: compiled scalatesting in 0.54s[0m
2022.08.08 14:34:09 INFO  compiling scalatesting (1 scala source)[0m
2022.08.08 14:34:09 INFO  time: compiled scalatesting in 0.59s[0m
Aug 08, 2022 2:34:11 PM scala.meta.internal.pc.CompilerAccess retryWithCleanCompiler
INFO: compiler crashed due to an error in the Scala compiler, retrying with new compiler instance.
Aug 08, 2022 2:34:11 PM scala.meta.internal.pc.CompilerAccess handleError
SEVERE: no context found for source-file:///Users/tarek.a/code/Practice/Data-Engineering-Practice/ScalaPlayground/scalatesting/src/main/scala/Main.scala,line-1,offset=41
scala.reflect.internal.FatalError: no context found for source-file:///Users/tarek.a/code/Practice/Data-Engineering-Practice/ScalaPlayground/scalatesting/src/main/scala/Main.scala,line-1,offset=41
	at scala.tools.nsc.interactive.CompilerControl.$anonfun$doLocateContext$1(CompilerControl.scala:100)
	at scala.tools.nsc.interactive.CompilerControl.doLocateContext(CompilerControl.scala:100)
	at scala.tools.nsc.interactive.CompilerControl.doLocateContext$(CompilerControl.scala:99)
	at scala.tools.nsc.interactive.Global.doLocateContext(Global.scala:114)
	at scala.meta.internal.pc.PcDefinitionProvider.definitionTypedTreeAt(PcDefinitionProvider.scala:104)
	at scala.meta.internal.pc.PcDefinitionProvider.definition(PcDefinitionProvider.scala:25)

2022.08.08 14:34:11 INFO  compiling scalatesting (1 scala source)[0m
2022.08.08 14:34:11 INFO  time: compiled scalatesting in 0.46s[0m
2022.08.08 14:34:29 INFO  compiling scalatesting (1 scala source)[0m
2022.08.08 14:34:29 INFO  time: compiled scalatesting in 0.44s[0m
2022.08.08 14:34:39 INFO  compiling scalatesting (1 scala source)[0m
2022.08.08 14:34:39 INFO  time: compiled scalatesting in 0.45s[0m
2022.08.08 14:34:42 INFO  compiling scalatesting (1 scala source)[0m
2022.08.08 14:34:42 INFO  time: compiled scalatesting in 0.42s[0m
2022.08.08 14:34:50 INFO  compiling scalatesting (1 scala source)[0m
2022.08.08 14:34:50 INFO  time: compiled scalatesting in 0.44s[0m
Aug 08, 2022 2:40:31 PM org.eclipse.lsp4j.jsonrpc.services.GenericEndpoint notify
INFO: Unsupported notification method: $/setTrace
Aug 08, 2022 2:40:38 PM org.eclipse.lsp4j.jsonrpc.services.GenericEndpoint notify
INFO: Unsupported notification method: $/setTrace
Aug 08, 2022 2:40:43 PM org.eclipse.lsp4j.jsonrpc.services.GenericEndpoint notify
INFO: Unsupported notification method: $/setTrace
Aug 08, 2022 2:40:53 PM org.eclipse.lsp4j.jsonrpc.services.GenericEndpoint notify
INFO: Unsupported notification method: $/setTrace
Aug 08, 2022 2:40:56 PM org.eclipse.lsp4j.jsonrpc.services.GenericEndpoint notify
INFO: Unsupported notification method: $/setTrace
