2022.05.22 18:48:27 INFO  tracing is disabled for protocol LSP, to enable tracing of incoming and outgoing JSON messages create an empty file at /Users/tarek.a/code/SparkPlayground/.metals/lsp.trace.json or /Users/tarek.a/Library/Caches/org.scalameta.metals/lsp.trace.json[0m
2022.05.22 18:48:27 INFO  logging to file /Users/tarek.a/code/SparkPlayground/.metals/metals.log[0m
2022.05.22 18:48:27 INFO  Started: Metals version 0.11.5 in workspace '/Users/tarek.a/code/SparkPlayground' for client Visual Studio Code 1.66.0.[0m
2022.05.22 18:48:28 INFO  time: initialize in 0.77s[0m
2022.05.22 18:48:28 WARN  Flyway upgrade recommended: H2 2.1.212 is newer than this version of Flyway and support has not been tested. The latest supported version of H2 is 2.1.210.[0m
2022.05.22 18:48:28 WARN  Build server is not auto-connectable.[0m
2022.05.22 18:48:28 WARN  no build tool detected in workspace '/Users/tarek.a/code/SparkPlayground'. The most common cause for this problem is that the editor was opened in the wrong working directory, for example if you use sbt then the workspace directory should contain build.sbt. [0m
2022.05.22 18:48:29 WARN  no build target for: /Users/tarek.a/code/SparkPlayground/ece-454-redeveloped/WordCount.scala[0m
2022.05.22 18:48:30 INFO  no build target found for /Users/tarek.a/code/SparkPlayground/ece-454-redeveloped/WordCount.scala. Using presentation compiler with project's scala-library version: 3.1.2[0m
2022.05.22 18:48:31 INFO  time: code lens generation in 1.73s[0m
2022.05.22 18:48:31 INFO  time: code lens generation in 2.07s[0m
2022.05.22 18:48:34 WARN  no build target for: /Users/tarek.a/code/SparkPlayground/ece-454-redeveloped/WordCount.scala[0m
2022.05.22 18:52:32 WARN  no build target for: /Users/tarek.a/code/SparkPlayground/ece-454-redeveloped/WordCount/WordCount.scala[0m
2022.05.22 18:52:57 WARN  no build target for: /Users/tarek.a/code/SparkPlayground/ece-454-redeveloped/WordCount/WIP_Task1/Task1.scala.scala[0m
2022.05.22 18:53:05 WARN  no build target for: /Users/tarek.a/code/SparkPlayground/ece-454-redeveloped/WordCount/WIP_Task1/Task1.scala[0m
2022.05.22 19:06:04 WARN  no build target for: /Users/tarek.a/code/SparkPlayground/ece-454-redeveloped/WordCount/SparkWordCount.scala[0m
2022.05.22 19:06:10 WARN  no build target for: /Users/tarek.a/code/SparkPlayground/ece-454-redeveloped/WordCount/SparkWC.scala[0m
2022.05.22 19:16:02 WARN  no build target for: /Users/tarek.a/code/SparkPlayground/ece-454-redeveloped/WordCount/SparkWC.scala[0m
2022.05.22 19:16:07 WARN  no build target for: /Users/tarek.a/code/SparkPlayground/ece-454-redeveloped/WordCount/SparkWC.scala[0m
2022.05.22 19:16:12 WARN  no build target for: /Users/tarek.a/code/SparkPlayground/ece-454-redeveloped/WordCount/SparkWC.scala[0m
2022.05.22 19:16:14 WARN  no build target for: /Users/tarek.a/code/SparkPlayground/ece-454-redeveloped/WordCount/SparkWC.scala[0m
2022.05.22 19:17:44 WARN  no build target for: /Users/tarek.a/code/SparkPlayground/ece-454-redeveloped/WordCount/SparkWC.scala[0m
2022.05.22 19:18:10 WARN  no build target for: /Users/tarek.a/code/SparkPlayground/ece-454-redeveloped/WordCount/SparkWC.scala[0m
2022.05.22 19:19:20 WARN  no build target for: /Users/tarek.a/code/SparkPlayground/ece-454-redeveloped/WordCount/SparkWC.scala[0m
2022.05.22 19:19:30 WARN  no build target for: /Users/tarek.a/code/SparkPlayground/ece-454-redeveloped/WordCount/SparkWC.scala[0m
2022.05.22 19:19:44 WARN  no build target for: /Users/tarek.a/code/SparkPlayground/ece-454-redeveloped/WordCount/SparkWC.scala[0m
2022.05.22 19:22:16 WARN  no build target for: /Users/tarek.a/code/SparkPlayground/ece-454-redeveloped/WordCount/src/SparkWC.scala[0m
2022.05.22 19:40:36 WARN  no build target for: /Users/tarek.a/code/SparkPlayground/ece-454-redeveloped/WordCount/src/SparkWC.scala[0m
2022.05.22 19:40:38 WARN  no build target for: /Users/tarek.a/code/SparkPlayground/ece-454-redeveloped/WordCount/src/SparkWC.scala[0m
2022.05.22 19:40:44 WARN  no build target for: /Users/tarek.a/code/SparkPlayground/ece-454-redeveloped/WordCount/src/SparkWC.scala[0m
2022.05.22 19:40:47 WARN  no build target for: /Users/tarek.a/code/SparkPlayground/ece-454-redeveloped/WordCount/src/SparkWC.scala[0m
2022.05.22 19:45:11 WARN  no build target for: /Users/tarek.a/code/SparkPlayground/ece-454-redeveloped/WordCount/src/SparkWC.scala[0m
2022.05.22 19:45:35 WARN  no build target for: /Users/tarek.a/code/SparkPlayground/ece-454-redeveloped/WordCount/src/SparkWC.scala[0m
2022.05.22 19:45:45 WARN  no build target for: /Users/tarek.a/code/SparkPlayground/ece-454-redeveloped/WordCount/src/SparkWC.scala[0m
2022.05.22 19:47:07 WARN  no build target for: /Users/tarek.a/code/SparkPlayground/ece-454-redeveloped/WordCount/src/SparkWC.scala[0m
2022.05.22 19:50:12 WARN  no build target for: /Users/tarek.a/code/SparkPlayground/ece-454-redeveloped/WordCount/src/SparkWC.scala[0m
2022.05.22 19:50:27 WARN  no build target for: /Users/tarek.a/code/SparkPlayground/ece-454-redeveloped/WordCount/src/SparkWC.scala[0m
2022.05.22 19:50:49 WARN  no build target for: /Users/tarek.a/code/SparkPlayground/ece-454-redeveloped/WordCount/src/SparkWC.scala[0m
2022.05.22 19:57:59 WARN  no build target for: /Users/tarek.a/code/SparkPlayground/ece-454-redeveloped/WordCount/src/SparkWC.scala[0m
2022.05.22 19:58:03 WARN  no build target for: /Users/tarek.a/code/SparkPlayground/ece-454-redeveloped/WordCount/src/SparkWC.scala[0m
2022.05.22 19:58:09 WARN  no build target for: /Users/tarek.a/code/SparkPlayground/ece-454-redeveloped/WordCount/src/SparkWC.scala[0m
2022.05.22 19:58:22 WARN  no build target for: /Users/tarek.a/code/SparkPlayground/ece-454-redeveloped/WordCount/src/SparkWC.scala[0m
2022.05.22 19:59:25 WARN  no build target for: /Users/tarek.a/code/SparkPlayground/ece-454-redeveloped/WordCount/src/SparkWC.scala[0m
2022.05.22 19:59:39 WARN  no build target for: /Users/tarek.a/code/SparkPlayground/ece-454-redeveloped/WordCount/src/SparkWC.scala[0m
2022.05.22 20:08:17 WARN  no build target for: /Users/tarek.a/code/SparkPlayground/ece-454-redeveloped/WordCount/src/SparkWC.scala[0m
2022.05.22 20:08:34 WARN  no build target for: /Users/tarek.a/code/SparkPlayground/ece-454-redeveloped/WordCount/src/SparkWC.scala[0m
2022.05.22 20:09:36 WARN  no build target for: /Users/tarek.a/code/SparkPlayground/ece-454-redeveloped/WordCount/src/SparkWC.scala[0m
2022.05.22 20:10:14 WARN  no build target for: /Users/tarek.a/code/SparkPlayground/ece-454-redeveloped/WordCount/src/SparkWC.scala[0m
2022.05.22 20:12:31 WARN  no build target for: /Users/tarek.a/code/SparkPlayground/ece-454-redeveloped/WordCount/src/SparkWC.scala[0m
2022.05.22 20:12:41 WARN  no build target for: /Users/tarek.a/code/SparkPlayground/ece-454-redeveloped/WordCount/src/SparkWC.scala[0m
2022.05.22 20:14:14 WARN  no build target for: /Users/tarek.a/code/SparkPlayground/ece-454-redeveloped/WordCount/src/SparkWC.scala[0m
2022.05.22 20:14:46 WARN  no build target for: /Users/tarek.a/code/SparkPlayground/ece-454-redeveloped/WordCount/src/SparkWC.scala[0m
2022.05.22 20:14:51 WARN  no build target for: /Users/tarek.a/code/SparkPlayground/ece-454-redeveloped/WordCount/src/SparkWC.scala[0m
2022.05.22 20:15:06 WARN  no build target for: /Users/tarek.a/code/SparkPlayground/ece-454-redeveloped/WordCount/src/SparkWC.scala[0m
2022.05.22 20:20:49 WARN  no build target for: /Users/tarek.a/code/SparkPlayground/ece-454-redeveloped/WordCount/src/SparkWC.scala[0m
2022.05.22 20:21:14 WARN  no build target for: /Users/tarek.a/code/SparkPlayground/ece-454-redeveloped/WordCount/src/SparkWC.scala[0m
2022.05.22 20:21:16 WARN  no build target for: /Users/tarek.a/code/SparkPlayground/ece-454-redeveloped/WordCount/src/SparkWC.scala[0m
2022.05.22 20:21:21 WARN  no build target for: /Users/tarek.a/code/SparkPlayground/ece-454-redeveloped/WordCount/src/SparkWC.scala[0m
2022.05.22 20:21:34 WARN  no build target for: /Users/tarek.a/code/SparkPlayground/ece-454-redeveloped/WordCount/src/SparkWC.scala[0m
2022.05.22 20:22:48 WARN  no build target for: /Users/tarek.a/code/SparkPlayground/ece-454-redeveloped/WordCount/src/SparkWC.scala[0m
2022.05.22 20:23:12 WARN  no build target for: /Users/tarek.a/code/SparkPlayground/ece-454-redeveloped/WordCount/src/SparkWC.scala[0m
2022.05.22 20:23:33 WARN  no build target for: /Users/tarek.a/code/SparkPlayground/ece-454-redeveloped/WordCount/src/SparkWC.scala[0m
2022.05.22 20:23:56 WARN  no build target for: /Users/tarek.a/code/SparkPlayground/ece-454-redeveloped/WordCount/src/SparkWC.scala[0m
2022.05.22 20:24:32 WARN  no build target for: /Users/tarek.a/code/SparkPlayground/ece-454-redeveloped/WordCount/src/SparkWC.scala[0m
2022.05.22 20:25:20 WARN  no build target for: /Users/tarek.a/code/SparkPlayground/ece-454-redeveloped/WordCount/src/SparkWC.scala[0m
2022.05.22 20:25:21 WARN  no build target for: /Users/tarek.a/code/SparkPlayground/ece-454-redeveloped/WordCount/src/SparkWC.scala[0m
2022.05.22 20:25:24 WARN  no build target for: /Users/tarek.a/code/SparkPlayground/ece-454-redeveloped/WordCount/src/SparkWC.scala[0m
2022.05.22 20:25:39 WARN  no build target for: /Users/tarek.a/code/SparkPlayground/ece-454-redeveloped/WordCount/src/SparkWC.scala[0m
2022.05.22 20:26:21 WARN  no build target for: /Users/tarek.a/code/SparkPlayground/ece-454-redeveloped/WordCount/src/SparkWC.scala[0m
2022.05.22 20:26:28 WARN  no build target for: /Users/tarek.a/code/SparkPlayground/ece-454-redeveloped/WordCount/src/SparkWC.scala[0m
2022.05.22 20:27:22 WARN  no build target for: /Users/tarek.a/code/SparkPlayground/ece-454-redeveloped/WordCount/src/SparkWC.scala[0m
2022.05.22 20:27:43 WARN  no build target for: /Users/tarek.a/code/SparkPlayground/ece-454-redeveloped/WordCount/src/SparkWC.scala[0m
2022.05.22 20:27:48 WARN  no build target for: /Users/tarek.a/code/SparkPlayground/ece-454-redeveloped/WordCount/src/SparkWC.scala[0m
2022.05.22 20:28:02 WARN  no build target for: /Users/tarek.a/code/SparkPlayground/ece-454-redeveloped/WordCount/src/SparkWC.scala[0m
2022.05.22 20:28:05 WARN  no build target for: /Users/tarek.a/code/SparkPlayground/ece-454-redeveloped/WordCount/src/SparkWC.scala[0m
May 22, 2022 8:28:16 PM org.eclipse.lsp4j.jsonrpc.RemoteEndpoint fallbackResponseError
SEVERE: Internal error: java.lang.reflect.InvocationTargetException
java.lang.RuntimeException: java.lang.reflect.InvocationTargetException
	at org.eclipse.lsp4j.jsonrpc.services.GenericEndpoint.lambda$null$0(GenericEndpoint.java:67)
	at org.eclipse.lsp4j.jsonrpc.services.GenericEndpoint.request(GenericEndpoint.java:120)
	at org.eclipse.lsp4j.jsonrpc.RemoteEndpoint.handleRequest(RemoteEndpoint.java:261)
	at org.eclipse.lsp4j.jsonrpc.RemoteEndpoint.consume(RemoteEndpoint.java:190)
	at org.eclipse.lsp4j.jsonrpc.json.StreamMessageProducer.handleMessage(StreamMessageProducer.java:194)
	at org.eclipse.lsp4j.jsonrpc.json.StreamMessageProducer.listen(StreamMessageProducer.java:94)
	at org.eclipse.lsp4j.jsonrpc.json.ConcurrentMessageProcessor.run(ConcurrentMessageProcessor.java:113)
	at java.util.concurrent.Executors$RunnableAdapter.call(Executors.java:511)
	at java.util.concurrent.FutureTask.run(FutureTask.java:266)
	at java.util.concurrent.ThreadPoolExecutor.runWorker(ThreadPoolExecutor.java:1149)
	at java.util.concurrent.ThreadPoolExecutor$Worker.run(ThreadPoolExecutor.java:624)
	at java.lang.Thread.run(Thread.java:748)
Caused by: java.lang.reflect.InvocationTargetException
	at sun.reflect.GeneratedMethodAccessor6.invoke(Unknown Source)
	at sun.reflect.DelegatingMethodAccessorImpl.invoke(DelegatingMethodAccessorImpl.java:43)
	at java.lang.reflect.Method.invoke(Method.java:498)
	at org.eclipse.lsp4j.jsonrpc.services.GenericEndpoint.lambda$null$0(GenericEndpoint.java:65)
	... 11 more
Caused by: java.lang.IllegalArgumentException: 27 is not a valid line number, allowed [0..16]
	at scala.meta.internal.inputs.InternalInput.lineToOffset(InternalInput.scala:37)
	at scala.meta.internal.inputs.InternalInput.lineToOffset$(InternalInput.scala:32)
	at scala.meta.inputs.Input$VirtualFile.lineToOffset(Input.scala:80)
	at scala.meta.inputs.Position$Range$.apply(Position.scala:59)
	at scala.meta.internal.mtags.MtagsEnrichments$XtensionPositionLspInverse.toMeta(MtagsEnrichments.scala:179)
	at scala.meta.internal.parsing.Trees.$anonfun$findLastEnclosingAt$4(Trees.scala:76)
	at scala.Option.flatMap(Option.scala:283)
	at scala.meta.internal.parsing.Trees.findLastEnclosingAt(Trees.scala:75)
	at scala.meta.internal.metals.codeactions.PatternMatchRefactor.contribute(PatternMatchRefactor.scala:96)
	at scala.meta.internal.metals.CodeActionProvider$$anonfun$1.applyOrElse(CodeActionProvider.scala:64)
	at scala.meta.internal.metals.CodeActionProvider$$anonfun$1.applyOrElse(CodeActionProvider.scala:63)
	at scala.collection.immutable.List.collect(List.scala:275)
	at scala.meta.internal.metals.CodeActionProvider.codeActions(CodeActionProvider.scala:63)
	at scala.meta.internal.metals.MetalsLanguageServer.$anonfun$codeAction$1(MetalsLanguageServer.scala:1639)
	at scala.meta.internal.metals.CancelTokens$.future(CancelTokens.scala:38)
	at scala.meta.internal.metals.MetalsLanguageServer.codeAction(MetalsLanguageServer.scala:1638)
	... 15 more

2022.05.22 20:28:30 WARN  no build target for: /Users/tarek.a/code/SparkPlayground/ece-454-redeveloped/WordCount/src/SparkWC.scala[0m
2022.05.22 20:28:32 WARN  no build target for: /Users/tarek.a/code/SparkPlayground/ece-454-redeveloped/WordCount/src/SparkWC.scala[0m
2022.05.23 11:30:55 WARN  no build target for: /Users/tarek.a/code/SparkPlayground/ece-454-redeveloped/WordCount/src/SparkWC.scala[0m
2022.05.23 11:30:59 WARN  no build target for: /Users/tarek.a/code/SparkPlayground/ece-454-redeveloped/WordCount/src/SparkWC.scala[0m
2022.05.23 11:34:24 WARN  no build target for: /Users/tarek.a/code/SparkPlayground/ece-454-redeveloped/WordCount/src/SparkWC.scala[0m
May 23, 2022 11:35:31 AM org.eclipse.lsp4j.jsonrpc.RemoteEndpoint fallbackResponseError
SEVERE: Internal error: java.lang.reflect.InvocationTargetException
java.lang.RuntimeException: java.lang.reflect.InvocationTargetException
	at org.eclipse.lsp4j.jsonrpc.services.GenericEndpoint.lambda$null$0(GenericEndpoint.java:67)
	at org.eclipse.lsp4j.jsonrpc.services.GenericEndpoint.request(GenericEndpoint.java:120)
	at org.eclipse.lsp4j.jsonrpc.RemoteEndpoint.handleRequest(RemoteEndpoint.java:261)
	at org.eclipse.lsp4j.jsonrpc.RemoteEndpoint.consume(RemoteEndpoint.java:190)
	at org.eclipse.lsp4j.jsonrpc.json.StreamMessageProducer.handleMessage(StreamMessageProducer.java:194)
	at org.eclipse.lsp4j.jsonrpc.json.StreamMessageProducer.listen(StreamMessageProducer.java:94)
	at org.eclipse.lsp4j.jsonrpc.json.ConcurrentMessageProcessor.run(ConcurrentMessageProcessor.java:113)
	at java.util.concurrent.Executors$RunnableAdapter.call(Executors.java:511)
	at java.util.concurrent.FutureTask.run(FutureTask.java:266)
	at java.util.concurrent.ThreadPoolExecutor.runWorker(ThreadPoolExecutor.java:1149)
	at java.util.concurrent.ThreadPoolExecutor$Worker.run(ThreadPoolExecutor.java:624)
	at java.lang.Thread.run(Thread.java:748)
Caused by: java.lang.reflect.InvocationTargetException
	at sun.reflect.GeneratedMethodAccessor6.invoke(Unknown Source)
	at sun.reflect.DelegatingMethodAccessorImpl.invoke(DelegatingMethodAccessorImpl.java:43)
	at java.lang.reflect.Method.invoke(Method.java:498)
	at org.eclipse.lsp4j.jsonrpc.services.GenericEndpoint.lambda$null$0(GenericEndpoint.java:65)
	... 11 more
Caused by: java.lang.IllegalArgumentException: 19 is not a valid line number, allowed [0..16]
	at scala.meta.internal.inputs.InternalInput.lineToOffset(InternalInput.scala:37)
	at scala.meta.internal.inputs.InternalInput.lineToOffset$(InternalInput.scala:32)
	at scala.meta.inputs.Input$VirtualFile.lineToOffset(Input.scala:80)
	at scala.meta.inputs.Position$Range$.apply(Position.scala:59)
	at scala.meta.internal.mtags.MtagsEnrichments$XtensionPositionLspInverse.toMeta(MtagsEnrichments.scala:179)
	at scala.meta.internal.parsing.Trees.$anonfun$findLastEnclosingAt$4(Trees.scala:76)
	at scala.Option.flatMap(Option.scala:283)
	at scala.meta.internal.parsing.Trees.findLastEnclosingAt(Trees.scala:75)
	at scala.meta.internal.metals.codeactions.PatternMatchRefactor.contribute(PatternMatchRefactor.scala:96)
	at scala.meta.internal.metals.CodeActionProvider$$anonfun$1.applyOrElse(CodeActionProvider.scala:64)
	at scala.meta.internal.metals.CodeActionProvider$$anonfun$1.applyOrElse(CodeActionProvider.scala:63)
	at scala.collection.immutable.List.collect(List.scala:275)
	at scala.meta.internal.metals.CodeActionProvider.codeActions(CodeActionProvider.scala:63)
	at scala.meta.internal.metals.MetalsLanguageServer.$anonfun$codeAction$1(MetalsLanguageServer.scala:1639)
	at scala.meta.internal.metals.CancelTokens$.future(CancelTokens.scala:38)
	at scala.meta.internal.metals.MetalsLanguageServer.codeAction(MetalsLanguageServer.scala:1638)
	... 15 more

May 23, 2022 11:36:20 AM org.eclipse.lsp4j.jsonrpc.RemoteEndpoint fallbackResponseError
SEVERE: Internal error: java.lang.reflect.InvocationTargetException
java.lang.RuntimeException: java.lang.reflect.InvocationTargetException
	at org.eclipse.lsp4j.jsonrpc.services.GenericEndpoint.lambda$null$0(GenericEndpoint.java:67)
	at org.eclipse.lsp4j.jsonrpc.services.GenericEndpoint.request(GenericEndpoint.java:120)
	at org.eclipse.lsp4j.jsonrpc.RemoteEndpoint.handleRequest(RemoteEndpoint.java:261)
	at org.eclipse.lsp4j.jsonrpc.RemoteEndpoint.consume(RemoteEndpoint.java:190)
	at org.eclipse.lsp4j.jsonrpc.json.StreamMessageProducer.handleMessage(StreamMessageProducer.java:194)
	at org.eclipse.lsp4j.jsonrpc.json.StreamMessageProducer.listen(StreamMessageProducer.java:94)
	at org.eclipse.lsp4j.jsonrpc.json.ConcurrentMessageProcessor.run(ConcurrentMessageProcessor.java:113)
	at java.util.concurrent.Executors$RunnableAdapter.call(Executors.java:511)
	at java.util.concurrent.FutureTask.run(FutureTask.java:266)
	at java.util.concurrent.ThreadPoolExecutor.runWorker(ThreadPoolExecutor.java:1149)
	at java.util.concurrent.ThreadPoolExecutor$Worker.run(ThreadPoolExecutor.java:624)
	at java.lang.Thread.run(Thread.java:748)
Caused by: java.lang.reflect.InvocationTargetException
	at sun.reflect.GeneratedMethodAccessor6.invoke(Unknown Source)
	at sun.reflect.DelegatingMethodAccessorImpl.invoke(DelegatingMethodAccessorImpl.java:43)
	at java.lang.reflect.Method.invoke(Method.java:498)
	at org.eclipse.lsp4j.jsonrpc.services.GenericEndpoint.lambda$null$0(GenericEndpoint.java:65)
	... 11 more
Caused by: java.lang.IllegalArgumentException: 19 is not a valid line number, allowed [0..16]
	at scala.meta.internal.inputs.InternalInput.lineToOffset(InternalInput.scala:37)
	at scala.meta.internal.inputs.InternalInput.lineToOffset$(InternalInput.scala:32)
	at scala.meta.inputs.Input$VirtualFile.lineToOffset(Input.scala:80)
	at scala.meta.inputs.Position$Range$.apply(Position.scala:59)
	at scala.meta.internal.mtags.MtagsEnrichments$XtensionPositionLspInverse.toMeta(MtagsEnrichments.scala:179)
	at scala.meta.internal.parsing.Trees.$anonfun$findLastEnclosingAt$4(Trees.scala:76)
	at scala.Option.flatMap(Option.scala:283)
	at scala.meta.internal.parsing.Trees.findLastEnclosingAt(Trees.scala:75)
	at scala.meta.internal.metals.codeactions.PatternMatchRefactor.contribute(PatternMatchRefactor.scala:96)
	at scala.meta.internal.metals.CodeActionProvider$$anonfun$1.applyOrElse(CodeActionProvider.scala:64)
	at scala.meta.internal.metals.CodeActionProvider$$anonfun$1.applyOrElse(CodeActionProvider.scala:63)
	at scala.collection.immutable.List.collect(List.scala:275)
	at scala.meta.internal.metals.CodeActionProvider.codeActions(CodeActionProvider.scala:63)
	at scala.meta.internal.metals.MetalsLanguageServer.$anonfun$codeAction$1(MetalsLanguageServer.scala:1639)
	at scala.meta.internal.metals.CancelTokens$.future(CancelTokens.scala:38)
	at scala.meta.internal.metals.MetalsLanguageServer.codeAction(MetalsLanguageServer.scala:1638)
	... 15 more

May 23, 2022 11:40:27 AM org.eclipse.lsp4j.jsonrpc.RemoteEndpoint fallbackResponseError
SEVERE: Internal error: java.lang.reflect.InvocationTargetException
java.lang.RuntimeException: java.lang.reflect.InvocationTargetException
	at org.eclipse.lsp4j.jsonrpc.services.GenericEndpoint.lambda$null$0(GenericEndpoint.java:67)
	at org.eclipse.lsp4j.jsonrpc.services.GenericEndpoint.request(GenericEndpoint.java:120)
	at org.eclipse.lsp4j.jsonrpc.RemoteEndpoint.handleRequest(RemoteEndpoint.java:261)
	at org.eclipse.lsp4j.jsonrpc.RemoteEndpoint.consume(RemoteEndpoint.java:190)
	at org.eclipse.lsp4j.jsonrpc.json.StreamMessageProducer.handleMessage(StreamMessageProducer.java:194)
	at org.eclipse.lsp4j.jsonrpc.json.StreamMessageProducer.listen(StreamMessageProducer.java:94)
	at org.eclipse.lsp4j.jsonrpc.json.ConcurrentMessageProcessor.run(ConcurrentMessageProcessor.java:113)
	at java.util.concurrent.Executors$RunnableAdapter.call(Executors.java:511)
	at java.util.concurrent.FutureTask.run(FutureTask.java:266)
	at java.util.concurrent.ThreadPoolExecutor.runWorker(ThreadPoolExecutor.java:1149)
	at java.util.concurrent.ThreadPoolExecutor$Worker.run(ThreadPoolExecutor.java:624)
	at java.lang.Thread.run(Thread.java:748)
Caused by: java.lang.reflect.InvocationTargetException
	at sun.reflect.GeneratedMethodAccessor6.invoke(Unknown Source)
	at sun.reflect.DelegatingMethodAccessorImpl.invoke(DelegatingMethodAccessorImpl.java:43)
	at java.lang.reflect.Method.invoke(Method.java:498)
	at org.eclipse.lsp4j.jsonrpc.services.GenericEndpoint.lambda$null$0(GenericEndpoint.java:65)
	... 11 more
Caused by: java.lang.IllegalArgumentException: 17 is not a valid line number, allowed [0..16]
	at scala.meta.internal.inputs.InternalInput.lineToOffset(InternalInput.scala:37)
	at scala.meta.internal.inputs.InternalInput.lineToOffset$(InternalInput.scala:32)
	at scala.meta.inputs.Input$VirtualFile.lineToOffset(Input.scala:80)
	at scala.meta.inputs.Position$Range$.apply(Position.scala:59)
	at scala.meta.internal.mtags.MtagsEnrichments$XtensionPositionLspInverse.toMeta(MtagsEnrichments.scala:179)
	at scala.meta.internal.parsing.Trees.$anonfun$findLastEnclosingAt$4(Trees.scala:76)
	at scala.Option.flatMap(Option.scala:283)
	at scala.meta.internal.parsing.Trees.findLastEnclosingAt(Trees.scala:75)
	at scala.meta.internal.metals.codeactions.PatternMatchRefactor.contribute(PatternMatchRefactor.scala:96)
	at scala.meta.internal.metals.CodeActionProvider$$anonfun$1.applyOrElse(CodeActionProvider.scala:64)
	at scala.meta.internal.metals.CodeActionProvider$$anonfun$1.applyOrElse(CodeActionProvider.scala:63)
	at scala.collection.immutable.List.collect(List.scala:275)
	at scala.meta.internal.metals.CodeActionProvider.codeActions(CodeActionProvider.scala:63)
	at scala.meta.internal.metals.MetalsLanguageServer.$anonfun$codeAction$1(MetalsLanguageServer.scala:1639)
	at scala.meta.internal.metals.CancelTokens$.future(CancelTokens.scala:38)
	at scala.meta.internal.metals.MetalsLanguageServer.codeAction(MetalsLanguageServer.scala:1638)
	... 15 more

May 23, 2022 11:40:27 AM org.eclipse.lsp4j.jsonrpc.RemoteEndpoint fallbackResponseError
SEVERE: Internal error: java.lang.reflect.InvocationTargetException
java.lang.RuntimeException: java.lang.reflect.InvocationTargetException
	at org.eclipse.lsp4j.jsonrpc.services.GenericEndpoint.lambda$null$0(GenericEndpoint.java:67)
	at org.eclipse.lsp4j.jsonrpc.services.GenericEndpoint.request(GenericEndpoint.java:120)
	at org.eclipse.lsp4j.jsonrpc.RemoteEndpoint.handleRequest(RemoteEndpoint.java:261)
	at org.eclipse.lsp4j.jsonrpc.RemoteEndpoint.consume(RemoteEndpoint.java:190)
	at org.eclipse.lsp4j.jsonrpc.json.StreamMessageProducer.handleMessage(StreamMessageProducer.java:194)
	at org.eclipse.lsp4j.jsonrpc.json.StreamMessageProducer.listen(StreamMessageProducer.java:94)
	at org.eclipse.lsp4j.jsonrpc.json.ConcurrentMessageProcessor.run(ConcurrentMessageProcessor.java:113)
	at java.util.concurrent.Executors$RunnableAdapter.call(Executors.java:511)
	at java.util.concurrent.FutureTask.run(FutureTask.java:266)
	at java.util.concurrent.ThreadPoolExecutor.runWorker(ThreadPoolExecutor.java:1149)
	at java.util.concurrent.ThreadPoolExecutor$Worker.run(ThreadPoolExecutor.java:624)
	at java.lang.Thread.run(Thread.java:748)
Caused by: java.lang.reflect.InvocationTargetException
	at sun.reflect.GeneratedMethodAccessor6.invoke(Unknown Source)
	at sun.reflect.DelegatingMethodAccessorImpl.invoke(DelegatingMethodAccessorImpl.java:43)
	at java.lang.reflect.Method.invoke(Method.java:498)
	at org.eclipse.lsp4j.jsonrpc.services.GenericEndpoint.lambda$null$0(GenericEndpoint.java:65)
	... 11 more
Caused by: java.lang.IllegalArgumentException: 17 is not a valid line number, allowed [0..16]
	at scala.meta.internal.inputs.InternalInput.lineToOffset(InternalInput.scala:37)
	at scala.meta.internal.inputs.InternalInput.lineToOffset$(InternalInput.scala:32)
	at scala.meta.inputs.Input$VirtualFile.lineToOffset(Input.scala:80)
	at scala.meta.inputs.Position$Range$.apply(Position.scala:59)
	at scala.meta.internal.mtags.MtagsEnrichments$XtensionPositionLspInverse.toMeta(MtagsEnrichments.scala:179)
	at scala.meta.internal.parsing.Trees.$anonfun$findLastEnclosingAt$4(Trees.scala:76)
	at scala.Option.flatMap(Option.scala:283)
	at scala.meta.internal.parsing.Trees.findLastEnclosingAt(Trees.scala:75)
	at scala.meta.internal.metals.codeactions.PatternMatchRefactor.contribute(PatternMatchRefactor.scala:96)
	at scala.meta.internal.metals.CodeActionProvider$$anonfun$1.applyOrElse(CodeActionProvider.scala:64)
	at scala.meta.internal.metals.CodeActionProvider$$anonfun$1.applyOrElse(CodeActionProvider.scala:63)
	at scala.collection.immutable.List.collect(List.scala:275)
	at scala.meta.internal.metals.CodeActionProvider.codeActions(CodeActionProvider.scala:63)
	at scala.meta.internal.metals.MetalsLanguageServer.$anonfun$codeAction$1(MetalsLanguageServer.scala:1639)
	at scala.meta.internal.metals.CancelTokens$.future(CancelTokens.scala:38)
	at scala.meta.internal.metals.MetalsLanguageServer.codeAction(MetalsLanguageServer.scala:1638)
	... 15 more

2022.05.23 11:41:27 WARN  no build target for: /Users/tarek.a/code/ECE-454/Distributed-Computing/Assignment2/SparkWC.scala[0m
May 23, 2022 11:42:17 AM org.eclipse.lsp4j.jsonrpc.services.GenericEndpoint notify
INFO: Unsupported notification method: $/setTrace
May 23, 2022 11:42:26 AM org.eclipse.lsp4j.jsonrpc.services.GenericEndpoint notify
INFO: Unsupported notification method: $/setTrace
May 23, 2022 11:42:38 AM org.eclipse.lsp4j.jsonrpc.services.GenericEndpoint notify
INFO: Unsupported notification method: $/setTrace
May 23, 2022 11:42:40 AM org.eclipse.lsp4j.jsonrpc.services.GenericEndpoint notify
INFO: Unsupported notification method: $/setTrace
May 23, 2022 11:42:41 AM org.eclipse.lsp4j.jsonrpc.services.GenericEndpoint notify
INFO: Unsupported notification method: $/setTrace
May 23, 2022 11:42:42 AM org.eclipse.lsp4j.jsonrpc.services.GenericEndpoint notify
INFO: Unsupported notification method: $/setTrace
May 23, 2022 11:45:31 AM org.eclipse.lsp4j.jsonrpc.RemoteEndpoint fallbackResponseError
SEVERE: Internal error: java.lang.reflect.InvocationTargetException
java.lang.RuntimeException: java.lang.reflect.InvocationTargetException
	at org.eclipse.lsp4j.jsonrpc.services.GenericEndpoint.lambda$null$0(GenericEndpoint.java:67)
	at org.eclipse.lsp4j.jsonrpc.services.GenericEndpoint.request(GenericEndpoint.java:120)
	at org.eclipse.lsp4j.jsonrpc.RemoteEndpoint.handleRequest(RemoteEndpoint.java:261)
	at org.eclipse.lsp4j.jsonrpc.RemoteEndpoint.consume(RemoteEndpoint.java:190)
	at org.eclipse.lsp4j.jsonrpc.json.StreamMessageProducer.handleMessage(StreamMessageProducer.java:194)
	at org.eclipse.lsp4j.jsonrpc.json.StreamMessageProducer.listen(StreamMessageProducer.java:94)
	at org.eclipse.lsp4j.jsonrpc.json.ConcurrentMessageProcessor.run(ConcurrentMessageProcessor.java:113)
	at java.util.concurrent.Executors$RunnableAdapter.call(Executors.java:511)
	at java.util.concurrent.FutureTask.run(FutureTask.java:266)
	at java.util.concurrent.ThreadPoolExecutor.runWorker(ThreadPoolExecutor.java:1149)
	at java.util.concurrent.ThreadPoolExecutor$Worker.run(ThreadPoolExecutor.java:624)
	at java.lang.Thread.run(Thread.java:748)
Caused by: java.lang.reflect.InvocationTargetException
	at sun.reflect.GeneratedMethodAccessor6.invoke(Unknown Source)
	at sun.reflect.DelegatingMethodAccessorImpl.invoke(DelegatingMethodAccessorImpl.java:43)
	at java.lang.reflect.Method.invoke(Method.java:498)
	at org.eclipse.lsp4j.jsonrpc.services.GenericEndpoint.lambda$null$0(GenericEndpoint.java:65)
	... 11 more
Caused by: java.lang.IllegalArgumentException: 19 is not a valid line number, allowed [0..16]
	at scala.meta.internal.inputs.InternalInput.lineToOffset(InternalInput.scala:37)
	at scala.meta.internal.inputs.InternalInput.lineToOffset$(InternalInput.scala:32)
	at scala.meta.inputs.Input$VirtualFile.lineToOffset(Input.scala:80)
	at scala.meta.inputs.Position$Range$.apply(Position.scala:59)
	at scala.meta.internal.mtags.MtagsEnrichments$XtensionPositionLspInverse.toMeta(MtagsEnrichments.scala:179)
	at scala.meta.internal.parsing.Trees.$anonfun$findLastEnclosingAt$4(Trees.scala:76)
	at scala.Option.flatMap(Option.scala:283)
	at scala.meta.internal.parsing.Trees.findLastEnclosingAt(Trees.scala:75)
	at scala.meta.internal.metals.codeactions.PatternMatchRefactor.contribute(PatternMatchRefactor.scala:96)
	at scala.meta.internal.metals.CodeActionProvider$$anonfun$1.applyOrElse(CodeActionProvider.scala:64)
	at scala.meta.internal.metals.CodeActionProvider$$anonfun$1.applyOrElse(CodeActionProvider.scala:63)
	at scala.collection.immutable.List.collect(List.scala:275)
	at scala.meta.internal.metals.CodeActionProvider.codeActions(CodeActionProvider.scala:63)
	at scala.meta.internal.metals.MetalsLanguageServer.$anonfun$codeAction$1(MetalsLanguageServer.scala:1639)
	at scala.meta.internal.metals.CancelTokens$.future(CancelTokens.scala:38)
	at scala.meta.internal.metals.MetalsLanguageServer.codeAction(MetalsLanguageServer.scala:1638)
	... 15 more

May 23, 2022 11:45:56 AM org.eclipse.lsp4j.jsonrpc.RemoteEndpoint fallbackResponseError
SEVERE: Internal error: java.lang.reflect.InvocationTargetException
java.lang.RuntimeException: java.lang.reflect.InvocationTargetException
	at org.eclipse.lsp4j.jsonrpc.services.GenericEndpoint.lambda$null$0(GenericEndpoint.java:67)
	at org.eclipse.lsp4j.jsonrpc.services.GenericEndpoint.request(GenericEndpoint.java:120)
	at org.eclipse.lsp4j.jsonrpc.RemoteEndpoint.handleRequest(RemoteEndpoint.java:261)
	at org.eclipse.lsp4j.jsonrpc.RemoteEndpoint.consume(RemoteEndpoint.java:190)
	at org.eclipse.lsp4j.jsonrpc.json.StreamMessageProducer.handleMessage(StreamMessageProducer.java:194)
	at org.eclipse.lsp4j.jsonrpc.json.StreamMessageProducer.listen(StreamMessageProducer.java:94)
	at org.eclipse.lsp4j.jsonrpc.json.ConcurrentMessageProcessor.run(ConcurrentMessageProcessor.java:113)
	at java.util.concurrent.Executors$RunnableAdapter.call(Executors.java:511)
	at java.util.concurrent.FutureTask.run(FutureTask.java:266)
	at java.util.concurrent.ThreadPoolExecutor.runWorker(ThreadPoolExecutor.java:1149)
	at java.util.concurrent.ThreadPoolExecutor$Worker.run(ThreadPoolExecutor.java:624)
	at java.lang.Thread.run(Thread.java:748)
Caused by: java.lang.reflect.InvocationTargetException
	at sun.reflect.GeneratedMethodAccessor6.invoke(Unknown Source)
	at sun.reflect.DelegatingMethodAccessorImpl.invoke(DelegatingMethodAccessorImpl.java:43)
	at java.lang.reflect.Method.invoke(Method.java:498)
	at org.eclipse.lsp4j.jsonrpc.services.GenericEndpoint.lambda$null$0(GenericEndpoint.java:65)
	... 11 more
Caused by: java.lang.IllegalArgumentException: 22 is not a valid line number, allowed [0..16]
	at scala.meta.internal.inputs.InternalInput.lineToOffset(InternalInput.scala:37)
	at scala.meta.internal.inputs.InternalInput.lineToOffset$(InternalInput.scala:32)
	at scala.meta.inputs.Input$VirtualFile.lineToOffset(Input.scala:80)
	at scala.meta.inputs.Position$Range$.apply(Position.scala:59)
	at scala.meta.internal.mtags.MtagsEnrichments$XtensionPositionLspInverse.toMeta(MtagsEnrichments.scala:179)
	at scala.meta.internal.parsing.Trees.$anonfun$findLastEnclosingAt$4(Trees.scala:76)
	at scala.Option.flatMap(Option.scala:283)
	at scala.meta.internal.parsing.Trees.findLastEnclosingAt(Trees.scala:75)
	at scala.meta.internal.metals.codeactions.PatternMatchRefactor.contribute(PatternMatchRefactor.scala:96)
	at scala.meta.internal.metals.CodeActionProvider$$anonfun$1.applyOrElse(CodeActionProvider.scala:64)
	at scala.meta.internal.metals.CodeActionProvider$$anonfun$1.applyOrElse(CodeActionProvider.scala:63)
	at scala.collection.immutable.List.collect(List.scala:275)
	at scala.meta.internal.metals.CodeActionProvider.codeActions(CodeActionProvider.scala:63)
	at scala.meta.internal.metals.MetalsLanguageServer.$anonfun$codeAction$1(MetalsLanguageServer.scala:1639)
	at scala.meta.internal.metals.CancelTokens$.future(CancelTokens.scala:38)
	at scala.meta.internal.metals.MetalsLanguageServer.codeAction(MetalsLanguageServer.scala:1638)
	... 15 more

May 23, 2022 11:46:10 AM org.eclipse.lsp4j.jsonrpc.RemoteEndpoint fallbackResponseError
SEVERE: Internal error: java.lang.reflect.InvocationTargetException
java.lang.RuntimeException: java.lang.reflect.InvocationTargetException
	at org.eclipse.lsp4j.jsonrpc.services.GenericEndpoint.lambda$null$0(GenericEndpoint.java:67)
	at org.eclipse.lsp4j.jsonrpc.services.GenericEndpoint.request(GenericEndpoint.java:120)
	at org.eclipse.lsp4j.jsonrpc.RemoteEndpoint.handleRequest(RemoteEndpoint.java:261)
	at org.eclipse.lsp4j.jsonrpc.RemoteEndpoint.consume(RemoteEndpoint.java:190)
	at org.eclipse.lsp4j.jsonrpc.json.StreamMessageProducer.handleMessage(StreamMessageProducer.java:194)
	at org.eclipse.lsp4j.jsonrpc.json.StreamMessageProducer.listen(StreamMessageProducer.java:94)
	at org.eclipse.lsp4j.jsonrpc.json.ConcurrentMessageProcessor.run(ConcurrentMessageProcessor.java:113)
	at java.util.concurrent.Executors$RunnableAdapter.call(Executors.java:511)
	at java.util.concurrent.FutureTask.run(FutureTask.java:266)
	at java.util.concurrent.ThreadPoolExecutor.runWorker(ThreadPoolExecutor.java:1149)
	at java.util.concurrent.ThreadPoolExecutor$Worker.run(ThreadPoolExecutor.java:624)
	at java.lang.Thread.run(Thread.java:748)
Caused by: java.lang.reflect.InvocationTargetException
	at sun.reflect.GeneratedMethodAccessor6.invoke(Unknown Source)
	at sun.reflect.DelegatingMethodAccessorImpl.invoke(DelegatingMethodAccessorImpl.java:43)
	at java.lang.reflect.Method.invoke(Method.java:498)
	at org.eclipse.lsp4j.jsonrpc.services.GenericEndpoint.lambda$null$0(GenericEndpoint.java:65)
	... 11 more
Caused by: java.lang.IllegalArgumentException: 22 is not a valid line number, allowed [0..16]
	at scala.meta.internal.inputs.InternalInput.lineToOffset(InternalInput.scala:37)
	at scala.meta.internal.inputs.InternalInput.lineToOffset$(InternalInput.scala:32)
	at scala.meta.inputs.Input$VirtualFile.lineToOffset(Input.scala:80)
	at scala.meta.inputs.Position$Range$.apply(Position.scala:59)
	at scala.meta.internal.mtags.MtagsEnrichments$XtensionPositionLspInverse.toMeta(MtagsEnrichments.scala:179)
	at scala.meta.internal.parsing.Trees.$anonfun$findLastEnclosingAt$4(Trees.scala:76)
	at scala.Option.flatMap(Option.scala:283)
	at scala.meta.internal.parsing.Trees.findLastEnclosingAt(Trees.scala:75)
	at scala.meta.internal.metals.codeactions.PatternMatchRefactor.contribute(PatternMatchRefactor.scala:96)
	at scala.meta.internal.metals.CodeActionProvider$$anonfun$1.applyOrElse(CodeActionProvider.scala:64)
	at scala.meta.internal.metals.CodeActionProvider$$anonfun$1.applyOrElse(CodeActionProvider.scala:63)
	at scala.collection.immutable.List.collect(List.scala:275)
	at scala.meta.internal.metals.CodeActionProvider.codeActions(CodeActionProvider.scala:63)
	at scala.meta.internal.metals.MetalsLanguageServer.$anonfun$codeAction$1(MetalsLanguageServer.scala:1639)
	at scala.meta.internal.metals.CancelTokens$.future(CancelTokens.scala:38)
	at scala.meta.internal.metals.MetalsLanguageServer.codeAction(MetalsLanguageServer.scala:1638)
	... 15 more

May 23, 2022 11:46:15 AM org.eclipse.lsp4j.jsonrpc.services.GenericEndpoint notify
INFO: Unsupported notification method: $/setTrace
May 23, 2022 11:46:17 AM org.eclipse.lsp4j.jsonrpc.RemoteEndpoint fallbackResponseError
SEVERE: Internal error: java.lang.reflect.InvocationTargetException
java.lang.RuntimeException: java.lang.reflect.InvocationTargetException
	at org.eclipse.lsp4j.jsonrpc.services.GenericEndpoint.lambda$null$0(GenericEndpoint.java:67)
	at org.eclipse.lsp4j.jsonrpc.services.GenericEndpoint.request(GenericEndpoint.java:120)
	at org.eclipse.lsp4j.jsonrpc.RemoteEndpoint.handleRequest(RemoteEndpoint.java:261)
	at org.eclipse.lsp4j.jsonrpc.RemoteEndpoint.consume(RemoteEndpoint.java:190)
	at org.eclipse.lsp4j.jsonrpc.json.StreamMessageProducer.handleMessage(StreamMessageProducer.java:194)
	at org.eclipse.lsp4j.jsonrpc.json.StreamMessageProducer.listen(StreamMessageProducer.java:94)
	at org.eclipse.lsp4j.jsonrpc.json.ConcurrentMessageProcessor.run(ConcurrentMessageProcessor.java:113)
	at java.util.concurrent.Executors$RunnableAdapter.call(Executors.java:511)
	at java.util.concurrent.FutureTask.run(FutureTask.java:266)
	at java.util.concurrent.ThreadPoolExecutor.runWorker(ThreadPoolExecutor.java:1149)
	at java.util.concurrent.ThreadPoolExecutor$Worker.run(ThreadPoolExecutor.java:624)
	at java.lang.Thread.run(Thread.java:748)
Caused by: java.lang.reflect.InvocationTargetException
	at sun.reflect.GeneratedMethodAccessor6.invoke(Unknown Source)
	at sun.reflect.DelegatingMethodAccessorImpl.invoke(DelegatingMethodAccessorImpl.java:43)
	at java.lang.reflect.Method.invoke(Method.java:498)
	at org.eclipse.lsp4j.jsonrpc.services.GenericEndpoint.lambda$null$0(GenericEndpoint.java:65)
	... 11 more
Caused by: java.lang.IllegalArgumentException: 21 is not a valid line number, allowed [0..16]
	at scala.meta.internal.inputs.InternalInput.lineToOffset(InternalInput.scala:37)
	at scala.meta.internal.inputs.InternalInput.lineToOffset$(InternalInput.scala:32)
	at scala.meta.inputs.Input$VirtualFile.lineToOffset(Input.scala:80)
	at scala.meta.inputs.Position$Range$.apply(Position.scala:59)
	at scala.meta.internal.mtags.MtagsEnrichments$XtensionPositionLspInverse.toMeta(MtagsEnrichments.scala:179)
	at scala.meta.internal.parsing.Trees.$anonfun$findLastEnclosingAt$4(Trees.scala:76)
	at scala.Option.flatMap(Option.scala:283)
	at scala.meta.internal.parsing.Trees.findLastEnclosingAt(Trees.scala:75)
	at scala.meta.internal.metals.codeactions.PatternMatchRefactor.contribute(PatternMatchRefactor.scala:96)
	at scala.meta.internal.metals.CodeActionProvider$$anonfun$1.applyOrElse(CodeActionProvider.scala:64)
	at scala.meta.internal.metals.CodeActionProvider$$anonfun$1.applyOrElse(CodeActionProvider.scala:63)
	at scala.collection.immutable.List.collect(List.scala:275)
	at scala.meta.internal.metals.CodeActionProvider.codeActions(CodeActionProvider.scala:63)
	at scala.meta.internal.metals.MetalsLanguageServer.$anonfun$codeAction$1(MetalsLanguageServer.scala:1639)
	at scala.meta.internal.metals.CancelTokens$.future(CancelTokens.scala:38)
	at scala.meta.internal.metals.MetalsLanguageServer.codeAction(MetalsLanguageServer.scala:1638)
	... 15 more

2022.05.23 11:46:17 WARN  no build target for: /Users/tarek.a/code/SparkPlayground/ece-454-redeveloped/WordCount/src/SparkWC.scala[0m
May 23, 2022 11:46:17 AM org.eclipse.lsp4j.jsonrpc.RemoteEndpoint fallbackResponseError
SEVERE: Internal error: java.lang.reflect.InvocationTargetException
java.lang.RuntimeException: java.lang.reflect.InvocationTargetException
	at org.eclipse.lsp4j.jsonrpc.services.GenericEndpoint.lambda$null$0(GenericEndpoint.java:67)
	at org.eclipse.lsp4j.jsonrpc.services.GenericEndpoint.request(GenericEndpoint.java:120)
	at org.eclipse.lsp4j.jsonrpc.RemoteEndpoint.handleRequest(RemoteEndpoint.java:261)
	at org.eclipse.lsp4j.jsonrpc.RemoteEndpoint.consume(RemoteEndpoint.java:190)
	at org.eclipse.lsp4j.jsonrpc.json.StreamMessageProducer.handleMessage(StreamMessageProducer.java:194)
	at org.eclipse.lsp4j.jsonrpc.json.StreamMessageProducer.listen(StreamMessageProducer.java:94)
	at org.eclipse.lsp4j.jsonrpc.json.ConcurrentMessageProcessor.run(ConcurrentMessageProcessor.java:113)
	at java.util.concurrent.Executors$RunnableAdapter.call(Executors.java:511)
	at java.util.concurrent.FutureTask.run(FutureTask.java:266)
	at java.util.concurrent.ThreadPoolExecutor.runWorker(ThreadPoolExecutor.java:1149)
	at java.util.concurrent.ThreadPoolExecutor$Worker.run(ThreadPoolExecutor.java:624)
	at java.lang.Thread.run(Thread.java:748)
Caused by: java.lang.reflect.InvocationTargetException
	at sun.reflect.GeneratedMethodAccessor6.invoke(Unknown Source)
	at sun.reflect.DelegatingMethodAccessorImpl.invoke(DelegatingMethodAccessorImpl.java:43)
	at java.lang.reflect.Method.invoke(Method.java:498)
	at org.eclipse.lsp4j.jsonrpc.services.GenericEndpoint.lambda$null$0(GenericEndpoint.java:65)
	... 11 more
Caused by: java.lang.IllegalArgumentException: 21 is not a valid line number, allowed [0..16]
	at scala.meta.internal.inputs.InternalInput.lineToOffset(InternalInput.scala:37)
	at scala.meta.internal.inputs.InternalInput.lineToOffset$(InternalInput.scala:32)
	at scala.meta.inputs.Input$VirtualFile.lineToOffset(Input.scala:80)
	at scala.meta.inputs.Position$Range$.apply(Position.scala:59)
	at scala.meta.internal.mtags.MtagsEnrichments$XtensionPositionLspInverse.toMeta(MtagsEnrichments.scala:179)
	at scala.meta.internal.parsing.Trees.$anonfun$findLastEnclosingAt$4(Trees.scala:76)
	at scala.Option.flatMap(Option.scala:283)
	at scala.meta.internal.parsing.Trees.findLastEnclosingAt(Trees.scala:75)
	at scala.meta.internal.metals.codeactions.PatternMatchRefactor.contribute(PatternMatchRefactor.scala:96)
	at scala.meta.internal.metals.CodeActionProvider$$anonfun$1.applyOrElse(CodeActionProvider.scala:64)
	at scala.meta.internal.metals.CodeActionProvider$$anonfun$1.applyOrElse(CodeActionProvider.scala:63)
	at scala.collection.immutable.List.collect(List.scala:275)
	at scala.meta.internal.metals.CodeActionProvider.codeActions(CodeActionProvider.scala:63)
	at scala.meta.internal.metals.MetalsLanguageServer.$anonfun$codeAction$1(MetalsLanguageServer.scala:1639)
	at scala.meta.internal.metals.CancelTokens$.future(CancelTokens.scala:38)
	at scala.meta.internal.metals.MetalsLanguageServer.codeAction(MetalsLanguageServer.scala:1638)
	... 15 more

2022.05.23 11:49:05 WARN  no build target for: /Users/tarek.a/code/SparkPlayground/ece-454-redeveloped/WordCount/src/SparkWC.scala[0m
2022.05.23 11:49:14 WARN  no build target for: /Users/tarek.a/code/SparkPlayground/ece-454-redeveloped/WordCount/src/SparkWC.scala[0m
2022.05.23 11:49:30 WARN  no build target for: /Users/tarek.a/code/SparkPlayground/ece-454-redeveloped/WordCount/src/SparkWC.scala[0m
2022.05.23 11:49:34 WARN  no build target for: /Users/tarek.a/code/SparkPlayground/ece-454-redeveloped/WordCount/src/SparkWC.scala[0m
2022.05.23 11:49:53 WARN  no build target for: /Users/tarek.a/code/SparkPlayground/ece-454-redeveloped/WordCount/src/SparkWC.scala[0m
2022.05.23 11:49:55 WARN  no build target for: /Users/tarek.a/code/SparkPlayground/ece-454-redeveloped/WordCount/src/SparkWC.scala[0m
2022.05.23 11:51:46 WARN  no build target for: /Users/tarek.a/code/SparkPlayground/ece-454-redeveloped/WordCount/src/SparkWC.scala[0m
May 23, 2022 12:29:00 PM org.eclipse.lsp4j.jsonrpc.RemoteEndpoint fallbackResponseError
SEVERE: Internal error: java.lang.reflect.InvocationTargetException
java.lang.RuntimeException: java.lang.reflect.InvocationTargetException
	at org.eclipse.lsp4j.jsonrpc.services.GenericEndpoint.lambda$null$0(GenericEndpoint.java:67)
	at org.eclipse.lsp4j.jsonrpc.services.GenericEndpoint.request(GenericEndpoint.java:120)
	at org.eclipse.lsp4j.jsonrpc.RemoteEndpoint.handleRequest(RemoteEndpoint.java:261)
	at org.eclipse.lsp4j.jsonrpc.RemoteEndpoint.consume(RemoteEndpoint.java:190)
	at org.eclipse.lsp4j.jsonrpc.json.StreamMessageProducer.handleMessage(StreamMessageProducer.java:194)
	at org.eclipse.lsp4j.jsonrpc.json.StreamMessageProducer.listen(StreamMessageProducer.java:94)
	at org.eclipse.lsp4j.jsonrpc.json.ConcurrentMessageProcessor.run(ConcurrentMessageProcessor.java:113)
	at java.util.concurrent.Executors$RunnableAdapter.call(Executors.java:511)
	at java.util.concurrent.FutureTask.run(FutureTask.java:266)
	at java.util.concurrent.ThreadPoolExecutor.runWorker(ThreadPoolExecutor.java:1149)
	at java.util.concurrent.ThreadPoolExecutor$Worker.run(ThreadPoolExecutor.java:624)
	at java.lang.Thread.run(Thread.java:748)
Caused by: java.lang.reflect.InvocationTargetException
	at sun.reflect.GeneratedMethodAccessor6.invoke(Unknown Source)
	at sun.reflect.DelegatingMethodAccessorImpl.invoke(DelegatingMethodAccessorImpl.java:43)
	at java.lang.reflect.Method.invoke(Method.java:498)
	at org.eclipse.lsp4j.jsonrpc.services.GenericEndpoint.lambda$null$0(GenericEndpoint.java:65)
	... 11 more
Caused by: java.lang.IllegalArgumentException: 17 is not a valid line number, allowed [0..16]
	at scala.meta.internal.inputs.InternalInput.lineToOffset(InternalInput.scala:37)
	at scala.meta.internal.inputs.InternalInput.lineToOffset$(InternalInput.scala:32)
	at scala.meta.inputs.Input$VirtualFile.lineToOffset(Input.scala:80)
	at scala.meta.inputs.Position$Range$.apply(Position.scala:59)
	at scala.meta.internal.mtags.MtagsEnrichments$XtensionPositionLspInverse.toMeta(MtagsEnrichments.scala:179)
	at scala.meta.internal.parsing.Trees.$anonfun$findLastEnclosingAt$4(Trees.scala:76)
	at scala.Option.flatMap(Option.scala:283)
	at scala.meta.internal.parsing.Trees.findLastEnclosingAt(Trees.scala:75)
	at scala.meta.internal.metals.codeactions.PatternMatchRefactor.contribute(PatternMatchRefactor.scala:96)
	at scala.meta.internal.metals.CodeActionProvider$$anonfun$1.applyOrElse(CodeActionProvider.scala:64)
	at scala.meta.internal.metals.CodeActionProvider$$anonfun$1.applyOrElse(CodeActionProvider.scala:63)
	at scala.collection.immutable.List.collect(List.scala:275)
	at scala.meta.internal.metals.CodeActionProvider.codeActions(CodeActionProvider.scala:63)
	at scala.meta.internal.metals.MetalsLanguageServer.$anonfun$codeAction$1(MetalsLanguageServer.scala:1639)
	at scala.meta.internal.metals.CancelTokens$.future(CancelTokens.scala:38)
	at scala.meta.internal.metals.MetalsLanguageServer.codeAction(MetalsLanguageServer.scala:1638)
	... 15 more

2022.05.23 12:29:04 WARN  no build target for: /Users/tarek.a/code/SparkPlayground/ece-454-redeveloped/WordCount/src/SparkWC.scala[0m
May 23, 2022 12:29:06 PM org.eclipse.lsp4j.jsonrpc.RemoteEndpoint fallbackResponseError
SEVERE: Internal error: java.lang.reflect.InvocationTargetException
java.lang.RuntimeException: java.lang.reflect.InvocationTargetException
	at org.eclipse.lsp4j.jsonrpc.services.GenericEndpoint.lambda$null$0(GenericEndpoint.java:67)
	at org.eclipse.lsp4j.jsonrpc.services.GenericEndpoint.request(GenericEndpoint.java:120)
	at org.eclipse.lsp4j.jsonrpc.RemoteEndpoint.handleRequest(RemoteEndpoint.java:261)
	at org.eclipse.lsp4j.jsonrpc.RemoteEndpoint.consume(RemoteEndpoint.java:190)
	at org.eclipse.lsp4j.jsonrpc.json.StreamMessageProducer.handleMessage(StreamMessageProducer.java:194)
	at org.eclipse.lsp4j.jsonrpc.json.StreamMessageProducer.listen(StreamMessageProducer.java:94)
	at org.eclipse.lsp4j.jsonrpc.json.ConcurrentMessageProcessor.run(ConcurrentMessageProcessor.java:113)
	at java.util.concurrent.Executors$RunnableAdapter.call(Executors.java:511)
	at java.util.concurrent.FutureTask.run(FutureTask.java:266)
	at java.util.concurrent.ThreadPoolExecutor.runWorker(ThreadPoolExecutor.java:1149)
	at java.util.concurrent.ThreadPoolExecutor$Worker.run(ThreadPoolExecutor.java:624)
	at java.lang.Thread.run(Thread.java:748)
Caused by: java.lang.reflect.InvocationTargetException
	at sun.reflect.GeneratedMethodAccessor6.invoke(Unknown Source)
	at sun.reflect.DelegatingMethodAccessorImpl.invoke(DelegatingMethodAccessorImpl.java:43)
	at java.lang.reflect.Method.invoke(Method.java:498)
	at org.eclipse.lsp4j.jsonrpc.services.GenericEndpoint.lambda$null$0(GenericEndpoint.java:65)
	... 11 more
Caused by: java.lang.IllegalArgumentException: 17 is not a valid line number, allowed [0..16]
	at scala.meta.internal.inputs.InternalInput.lineToOffset(InternalInput.scala:37)
	at scala.meta.internal.inputs.InternalInput.lineToOffset$(InternalInput.scala:32)
	at scala.meta.inputs.Input$VirtualFile.lineToOffset(Input.scala:80)
	at scala.meta.inputs.Position$Range$.apply(Position.scala:59)
	at scala.meta.internal.mtags.MtagsEnrichments$XtensionPositionLspInverse.toMeta(MtagsEnrichments.scala:179)
	at scala.meta.internal.parsing.Trees.$anonfun$findLastEnclosingAt$4(Trees.scala:76)
	at scala.Option.flatMap(Option.scala:283)
	at scala.meta.internal.parsing.Trees.findLastEnclosingAt(Trees.scala:75)
	at scala.meta.internal.metals.codeactions.PatternMatchRefactor.contribute(PatternMatchRefactor.scala:96)
	at scala.meta.internal.metals.CodeActionProvider$$anonfun$1.applyOrElse(CodeActionProvider.scala:64)
	at scala.meta.internal.metals.CodeActionProvider$$anonfun$1.applyOrElse(CodeActionProvider.scala:63)
	at scala.collection.immutable.List.collect(List.scala:275)
	at scala.meta.internal.metals.CodeActionProvider.codeActions(CodeActionProvider.scala:63)
	at scala.meta.internal.metals.MetalsLanguageServer.$anonfun$codeAction$1(MetalsLanguageServer.scala:1639)
	at scala.meta.internal.metals.CancelTokens$.future(CancelTokens.scala:38)
	at scala.meta.internal.metals.MetalsLanguageServer.codeAction(MetalsLanguageServer.scala:1638)
	... 15 more

2022.05.23 12:29:09 WARN  no build target for: /Users/tarek.a/code/SparkPlayground/ece-454-redeveloped/WordCount/src/SparkWC.scala[0m
2022.05.23 12:31:55 WARN  no build target for: /Users/tarek.a/code/SparkPlayground/ece-454-redeveloped/WordCount/src/SparkWC.scala[0m
2022.05.24 19:00:17 INFO  shutting down Metals[0m
2022.05.24 19:28:45 INFO  tracing is disabled for protocol LSP, to enable tracing of incoming and outgoing JSON messages create an empty file at /Users/tarek.a/code/SparkPlayground/.metals/lsp.trace.json or /Users/tarek.a/Library/Caches/org.scalameta.metals/lsp.trace.json
2022.05.24 19:28:46 INFO  logging to file /Users/tarek.a/code/SparkPlayground/.metals/metals.log
2022.05.24 19:28:46 INFO  Started: Metals version 0.11.5 in workspace '/Users/tarek.a/code/SparkPlayground' for client Visual Studio Code 1.67.2.
2022.05.24 19:28:48 INFO  time: initialize in 1.67s
2022.05.24 19:28:48 WARN  Flyway upgrade recommended: H2 2.1.212 is newer than this version of Flyway and support has not been tested. The latest supported version of H2 is 2.1.210.
2022.05.24 19:28:48 WARN  Build server is not auto-connectable.
2022.05.24 19:28:48 WARN  no build tool detected in workspace '/Users/tarek.a/code/SparkPlayground'. The most common cause for this problem is that the editor was opened in the wrong working directory, for example if you use sbt then the workspace directory should contain build.sbt. 
2022.05.24 19:28:50 WARN  no build target for: /Users/tarek.a/code/ECE-454/Distributed-Computing/Assignment2/SparkWC.scala
2022.05.24 19:28:57 INFO  no build target found for /Users/tarek.a/code/ECE-454/Distributed-Computing/Assignment2/SparkWC.scala. Using presentation compiler with project's scala-library version: 3.1.2
2022.05.24 19:29:03 INFO  time: code lens generation in 13s
2022.05.24 19:29:18 INFO  shutting down Metals
2022.05.25 09:03:04 INFO  tracing is disabled for protocol LSP, to enable tracing of incoming and outgoing JSON messages create an empty file at /Users/tarek.a/code/SparkPlayground/.metals/lsp.trace.json or /Users/tarek.a/Library/Caches/org.scalameta.metals/lsp.trace.json
2022.05.25 09:03:04 INFO  logging to file /Users/tarek.a/code/SparkPlayground/.metals/metals.log
2022.05.25 09:03:04 INFO  Started: Metals version 0.11.5 in workspace '/Users/tarek.a/code/SparkPlayground' for client Visual Studio Code 1.67.2.
2022.05.25 09:03:06 INFO  time: initialize in 1.98s
2022.05.25 09:03:08 WARN  Flyway upgrade recommended: H2 2.1.212 is newer than this version of Flyway and support has not been tested. The latest supported version of H2 is 2.1.210.
2022.05.25 09:03:08 WARN  Build server is not auto-connectable.
2022.05.25 09:03:08 WARN  no build tool detected in workspace '/Users/tarek.a/code/SparkPlayground'. The most common cause for this problem is that the editor was opened in the wrong working directory, for example if you use sbt then the workspace directory should contain build.sbt. 
2022.05.25 09:03:09 WARN  no build target for: /Users/tarek.a/code/ECE-454/Distributed-Computing/Assignment2/SparkWC.scala
2022.05.25 09:03:15 INFO  no build target found for /Users/tarek.a/code/ECE-454/Distributed-Computing/Assignment2/SparkWC.scala. Using presentation compiler with project's scala-library version: 3.1.2
2022.05.25 09:03:20 INFO  time: code lens generation in 10s
2022.05.25 18:25:40 INFO  shutting down Metals
2022.05.26 08:16:28 INFO  tracing is disabled for protocol LSP, to enable tracing of incoming and outgoing JSON messages create an empty file at /Users/tarek.a/code/SparkPlayground/.metals/lsp.trace.json or /Users/tarek.a/Library/Caches/org.scalameta.metals/lsp.trace.json
2022.05.26 08:16:29 INFO  logging to file /Users/tarek.a/code/SparkPlayground/.metals/metals.log
2022.05.26 08:16:29 INFO  Started: Metals version 0.11.5 in workspace '/Users/tarek.a/code/SparkPlayground' for client Visual Studio Code 1.67.2.
2022.05.26 08:16:31 INFO  time: initialize in 1.81s
2022.05.26 08:16:31 WARN  Flyway upgrade recommended: H2 2.1.212 is newer than this version of Flyway and support has not been tested. The latest supported version of H2 is 2.1.210.
2022.05.26 08:16:32 WARN  Build server is not auto-connectable.
2022.05.26 08:16:32 WARN  no build tool detected in workspace '/Users/tarek.a/code/SparkPlayground'. The most common cause for this problem is that the editor was opened in the wrong working directory, for example if you use sbt then the workspace directory should contain build.sbt. 
2022.05.26 08:16:33 WARN  no build target for: /Users/tarek.a/code/ECE-454/Distributed-Computing/Assignment2/SparkWC.scala
2022.05.26 08:16:43 INFO  no build target found for /Users/tarek.a/code/ECE-454/Distributed-Computing/Assignment2/SparkWC.scala. Using presentation compiler with project's scala-library version: 3.1.2
2022.05.26 08:16:49 INFO  time: code lens generation in 15s
2022.05.26 18:04:33 INFO  shutting down Metals
2022.05.27 09:15:17 INFO  tracing is disabled for protocol LSP, to enable tracing of incoming and outgoing JSON messages create an empty file at /Users/tarek.a/code/SparkPlayground/.metals/lsp.trace.json or /Users/tarek.a/Library/Caches/org.scalameta.metals/lsp.trace.json
2022.05.27 09:15:17 INFO  logging to file /Users/tarek.a/code/SparkPlayground/.metals/metals.log
2022.05.27 09:15:17 INFO  Started: Metals version 0.11.5 in workspace '/Users/tarek.a/code/SparkPlayground' for client Visual Studio Code 1.67.2.
2022.05.27 09:15:20 INFO  time: initialize in 2.33s
2022.05.27 09:15:20 WARN  Flyway upgrade recommended: H2 2.1.212 is newer than this version of Flyway and support has not been tested. The latest supported version of H2 is 2.1.210.
2022.05.27 09:15:20 WARN  Build server is not auto-connectable.
2022.05.27 09:15:20 WARN  no build tool detected in workspace '/Users/tarek.a/code/SparkPlayground'. The most common cause for this problem is that the editor was opened in the wrong working directory, for example if you use sbt then the workspace directory should contain build.sbt. 
2022.05.27 09:15:21 WARN  no build target for: /Users/tarek.a/code/ECE-454/Distributed-Computing/Assignment2/SparkWC.scala
2022.05.27 09:15:26 INFO  no build target found for /Users/tarek.a/code/ECE-454/Distributed-Computing/Assignment2/SparkWC.scala. Using presentation compiler with project's scala-library version: 3.1.2
2022.05.27 09:15:31 INFO  time: code lens generation in 9.47s
2022.05.27 18:06:03 INFO  shutting down Metals
2022.05.27 18:24:58 INFO  tracing is disabled for protocol LSP, to enable tracing of incoming and outgoing JSON messages create an empty file at /Users/tarek.a/code/SparkPlayground/.metals/lsp.trace.json or /Users/tarek.a/Library/Caches/org.scalameta.metals/lsp.trace.json
2022.05.27 18:24:59 INFO  logging to file /Users/tarek.a/code/SparkPlayground/.metals/metals.log
2022.05.27 18:24:59 INFO  Started: Metals version 0.11.5 in workspace '/Users/tarek.a/code/SparkPlayground' for client Visual Studio Code 1.67.2.
2022.05.27 18:25:01 INFO  time: initialize in 1.92s
2022.05.27 18:25:01 WARN  Flyway upgrade recommended: H2 2.1.212 is newer than this version of Flyway and support has not been tested. The latest supported version of H2 is 2.1.210.
2022.05.27 18:25:01 WARN  Build server is not auto-connectable.
2022.05.27 18:25:01 WARN  no build tool detected in workspace '/Users/tarek.a/code/SparkPlayground'. The most common cause for this problem is that the editor was opened in the wrong working directory, for example if you use sbt then the workspace directory should contain build.sbt. 
2022.05.27 18:25:02 WARN  no build target for: /Users/tarek.a/code/ECE-454/Distributed-Computing/Assignment2/SparkWC.scala
2022.05.27 18:25:06 INFO  no build target found for /Users/tarek.a/code/ECE-454/Distributed-Computing/Assignment2/SparkWC.scala. Using presentation compiler with project's scala-library version: 3.1.2
2022.05.27 18:25:11 INFO  time: code lens generation in 9.05s
2022.05.27 18:54:24 INFO  shutting down Metals
2022.05.29 17:13:34 INFO  tracing is disabled for protocol LSP, to enable tracing of incoming and outgoing JSON messages create an empty file at /Users/tarek.a/code/SparkPlayground/.metals/lsp.trace.json or /Users/tarek.a/Library/Caches/org.scalameta.metals/lsp.trace.json
2022.05.29 17:13:35 INFO  logging to file /Users/tarek.a/code/SparkPlayground/.metals/metals.log
2022.05.29 17:13:35 INFO  Started: Metals version 0.11.5 in workspace '/Users/tarek.a/code/SparkPlayground' for client Visual Studio Code 1.67.2.
2022.05.29 17:13:37 INFO  time: initialize in 2.1s
2022.05.29 17:13:39 WARN  Flyway upgrade recommended: H2 2.1.212 is newer than this version of Flyway and support has not been tested. The latest supported version of H2 is 2.1.210.
2022.05.29 17:13:39 WARN  Build server is not auto-connectable.
2022.05.29 17:13:39 WARN  no build tool detected in workspace '/Users/tarek.a/code/SparkPlayground'. The most common cause for this problem is that the editor was opened in the wrong working directory, for example if you use sbt then the workspace directory should contain build.sbt. 
2022.05.29 17:13:40 WARN  no build target for: /Users/tarek.a/code/ECE-454/Distributed-Computing/Assignment2/SparkWC.scala
2022.05.29 17:13:48 INFO  no build target found for /Users/tarek.a/code/ECE-454/Distributed-Computing/Assignment2/SparkWC.scala. Using presentation compiler with project's scala-library version: 3.1.2
2022.05.29 17:13:54 INFO  time: code lens generation in 13s
2022.05.29 17:19:38 WARN  no build target for: /Users/tarek.a/code/SparkPlayground/ece-454-redeveloped/WordCount/src/SparkWC.scala
2022.05.29 17:25:53 WARN  no build target for: /Users/tarek.a/code/SparkPlayground/ece-454-redeveloped/WordCount/src/SparkWC.scala
2022.05.29 17:27:26 WARN  no build target for: /Users/tarek.a/code/SparkPlayground/ece-454-redeveloped/WordCount/src/SparkWC.scala
2022.05.29 17:28:15 WARN  no build target for: /Users/tarek.a/code/SparkPlayground/ece-454-redeveloped/WordCount/src/SparkWC.scala
2022.05.29 17:31:45 WARN  no build target for: /Users/tarek.a/code/SparkPlayground/ece-454-redeveloped/WordCount/src/SparkWC.scala
2022.05.29 18:34:31 INFO  
2022.05.29 18:34:31 INFO  Template applied in /Users/tarek.a/code/SparkPlayground/ece-454-redeveloped/./word-count-test
2022.05.29 18:34:31 INFO  
2022.05.29 18:34:31 INFO  time: ran 'giter8.Giter8' in 2.65s
2022.05.29 19:31:46 INFO  shutting down Metals
2022.06.20 11:18:49 INFO  tracing is disabled for protocol LSP, to enable tracing of incoming and outgoing JSON messages create an empty file at /Users/tarek.a/code/SparkPlayground/.metals/lsp.trace.json or /Users/tarek.a/Library/Caches/org.scalameta.metals/lsp.trace.json
2022.06.20 11:18:49 INFO  logging to file /Users/tarek.a/code/SparkPlayground/.metals/metals.log
2022.06.20 11:18:49 INFO  Started: Metals version 0.11.6 in workspace '/Users/tarek.a/code/SparkPlayground' for client Visual Studio Code 1.67.2.
2022.06.20 11:18:50 INFO  time: initialize in 0.61s
2022.06.20 11:18:50 WARN  Flyway upgrade recommended: H2 2.1.212 is newer than this version of Flyway and support has not been tested. The latest supported version of H2 is 2.1.210.
2022.06.20 11:18:50 WARN  Build server is not auto-connectable.
2022.06.20 11:18:50 WARN  no build tool detected in workspace '/Users/tarek.a/code/SparkPlayground'. The most common cause for this problem is that the editor was opened in the wrong working directory, for example if you use sbt then the workspace directory should contain build.sbt. 
2022.06.20 11:18:51 WARN  no build target for: /Users/tarek.a/code/ECE-454/Distributed-Computing/Assignment2/SparkWC.scala
2022.06.20 11:18:52 INFO  no build target found for /Users/tarek.a/code/ECE-454/Distributed-Computing/Assignment2/SparkWC.scala. Using presentation compiler with project's scala-library version: 3.1.2
2022.06.20 11:18:54 INFO  time: code lens generation in 2.8s
2022.06.20 11:33:20 WARN  no build target for: /Users/tarek.a/code/SparkPlayground/ece-454-redeveloped/WordCount/src/SparkWC.scala
2022.06.20 11:33:31 WARN  no build target for: /Users/tarek.a/code/SparkPlayground/ece-454-redeveloped/word-count-test/src/main/scala/SparkWordCount.scala
2022.06.20 11:33:48 WARN  no build target for: /Users/tarek.a/code/SparkPlayground/ece-454-redeveloped/word-count-test/src/main/scala/SparkWordCount.scala
2022.06.20 12:45:15 WARN  no build target for: /Users/tarek.a/code/SparkPlayground/ece-454-redeveloped/word-count-test/src/main/scala/SparkWordCount.scala
2022.06.20 12:45:42 WARN  no build target for: /Users/tarek.a/code/SparkPlayground/ece-454-redeveloped/word-count-test/src/main/scala/SparkWordCount.scala
2022.06.20 12:45:49 WARN  no build target for: /Users/tarek.a/code/SparkPlayground/ece-454-redeveloped/word-count-test/src/main/scala/SparkWordCount.scala
2022.06.20 12:46:25 WARN  no build target for: /Users/tarek.a/code/SparkPlayground/ece-454-redeveloped/word-count-test/src/main/scala/SparkWordCount.scala
2022.06.20 12:58:49 WARN  no build target for: /Users/tarek.a/code/SparkPlayground/ece-454-redeveloped/word-count-test/src/main/scala/SparkWordCount.scala
2022.06.20 12:58:49 WARN  no build target for: /Users/tarek.a/code/SparkPlayground/ece-454-redeveloped/word-count-test/src/main/scala/SparkWordCount.scala
2022.06.20 12:58:51 WARN  no build target for: /Users/tarek.a/code/SparkPlayground/ece-454-redeveloped/word-count-test/src/main/scala/SparkWordCount.scala
2022.06.20 12:59:57 WARN  no build target for: /Users/tarek.a/code/SparkPlayground/ece-454-redeveloped/word-count-test/src/main/scala/SparkWordCount.scala
2022.06.20 13:00:35 WARN  no build target for: /Users/tarek.a/code/SparkPlayground/ece-454-redeveloped/word-count-test/src/main/scala/SparkWordCount.scala
2022.06.20 13:02:00 WARN  no build target for: /Users/tarek.a/code/SparkPlayground/ece-454-redeveloped/word-count-test/src/main/scala/SparkWordCount.scala
2022.06.20 13:02:14 WARN  no build target for: /Users/tarek.a/code/SparkPlayground/ece-454-redeveloped/word-count-test/src/main/scala/SparkWordCount.scala
2022.06.20 13:02:38 WARN  no build target for: /Users/tarek.a/code/SparkPlayground/ece-454-redeveloped/word-count-test/src/main/scala/SparkWordCount.scala
2022.06.20 13:02:46 WARN  no build target for: /Users/tarek.a/code/SparkPlayground/ece-454-redeveloped/word-count-test/src/main/scala/SparkWordCount.scala
2022.06.20 13:03:03 WARN  no build target for: /Users/tarek.a/code/SparkPlayground/ece-454-redeveloped/word-count-test/src/main/scala/SparkWordCount.scala
2022.06.20 13:03:06 WARN  no build target for: /Users/tarek.a/code/SparkPlayground/ece-454-redeveloped/word-count-test/src/main/scala/SparkWordCount.scala
2022.06.20 13:03:12 WARN  no build target for: /Users/tarek.a/code/SparkPlayground/ece-454-redeveloped/word-count-test/src/main/scala/SparkWordCount.scala
2022.06.20 13:03:21 WARN  no build target for: /Users/tarek.a/code/SparkPlayground/ece-454-redeveloped/word-count-test/src/main/scala/SparkWordCount.scala
2022.06.20 14:40:38 INFO  shutting down Metals
2022.06.26 19:03:25 INFO  tracing is disabled for protocol LSP, to enable tracing of incoming and outgoing JSON messages create an empty file at /Users/tarek.a/code/SparkPlayground/.metals/lsp.trace.json or /Users/tarek.a/Library/Caches/org.scalameta.metals/lsp.trace.json
2022.06.26 19:03:26 INFO  logging to file /Users/tarek.a/code/SparkPlayground/.metals/metals.log
2022.06.26 19:03:26 INFO  Started: Metals version 0.11.6 in workspace '/Users/tarek.a/code/SparkPlayground' for client Visual Studio Code 1.68.1.
2022.06.26 19:03:26 INFO  time: initialize in 0.55s
2022.06.26 19:03:26 WARN  Flyway upgrade recommended: H2 2.1.212 is newer than this version of Flyway and support has not been tested. The latest supported version of H2 is 2.1.210.
2022.06.26 19:03:26 WARN  Build server is not auto-connectable.
2022.06.26 19:03:26 WARN  no build tool detected in workspace '/Users/tarek.a/code/SparkPlayground'. The most common cause for this problem is that the editor was opened in the wrong working directory, for example if you use sbt then the workspace directory should contain build.sbt. 
2022.06.26 19:03:27 WARN  no build target for: /Users/tarek.a/code/SparkPlayground/ece-454-redeveloped/word-count-test/src/main/scala/SparkWordCount.scala
2022.06.26 19:03:28 INFO  no build target found for /Users/tarek.a/code/SparkPlayground/ece-454-redeveloped/word-count-test/src/main/scala/SparkWordCount.scala. Using presentation compiler with project's scala-library version: 3.1.2
2022.06.26 19:03:30 INFO  time: code lens generation in 2.7s
2022.06.26 19:10:25 WARN  no build target for: /Users/tarek.a/code/ECE-454/Distributed-Computing/Assignment2/SparkWC.scala
2022.06.26 19:17:31 WARN  no build target for: /Users/tarek.a/code/SparkPlayground/ece-454-redeveloped/WIP_Task1/Task1.scala
2022.06.26 19:17:36 WARN  no build target for: /Users/tarek.a/code/SparkPlayground/ece-454-redeveloped/WIP_Task1/Task1.scala
2022.06.26 19:22:59 ERROR text document: file:///Users/tarek.a/code/SparkPlayground/ece-454-redeveloped/word-count-test/src/main/scala/SparkWordCount.scala
java.nio.file.NoSuchFileException: /Users/tarek.a/code/SparkPlayground/ece-454-redeveloped/word-count-test/src/main/scala/SparkWordCount.scala
	at sun.nio.fs.UnixException.translateToIOException(UnixException.java:86)
	at sun.nio.fs.UnixException.rethrowAsIOException(UnixException.java:102)
	at sun.nio.fs.UnixException.rethrowAsIOException(UnixException.java:107)
	at sun.nio.fs.UnixFileSystemProvider.newByteChannel(UnixFileSystemProvider.java:214)
	at java.nio.file.Files.newByteChannel(Files.java:361)
	at java.nio.file.Files.newByteChannel(Files.java:407)
	at java.nio.file.Files.readAllBytes(Files.java:3152)
	at scala.meta.internal.io.PlatformFileIO$.slurp(PlatformFileIO.scala:45)
	at scala.meta.internal.io.FileIO$.slurp(FileIO.scala:24)
	at scala.meta.internal.metals.InteractiveSemanticdbs.$anonfun$textDocument$2(InteractiveSemanticdbs.scala:90)
	at scala.Option.getOrElse(Option.scala:201)
	at scala.meta.internal.metals.InteractiveSemanticdbs.$anonfun$textDocument$1(InteractiveSemanticdbs.scala:90)
	at java.util.HashMap.compute(HashMap.java:1198)
	at java.util.Collections$SynchronizedMap.compute(Collections.java:2684)
	at scala.meta.internal.metals.InteractiveSemanticdbs.textDocument(InteractiveSemanticdbs.scala:89)
	at scala.meta.internal.metals.InteractiveSemanticdbs.textDocument(InteractiveSemanticdbs.scala:63)
	at scala.meta.internal.metals.AggregateSemanticdbs.loop$1(AggregateSemanticdbs.scala:30)
	at scala.meta.internal.metals.AggregateSemanticdbs.textDocument(AggregateSemanticdbs.scala:36)
	at scala.meta.internal.decorations.SyntheticsDecorationProvider.currentDocument(SyntheticsDecorationProvider.scala:275)
	at scala.meta.internal.decorations.SyntheticsDecorationProvider.syntheticDecorations(SyntheticsDecorationProvider.scala:163)
	at scala.meta.internal.decorations.SyntheticsDecorationProvider.$anonfun$publishSynthetics$1(SyntheticsDecorationProvider.scala:65)
	at scala.runtime.java8.JFunction0$mcV$sp.apply(JFunction0$mcV$sp.scala:18)
	at scala.concurrent.Future$.$anonfun$apply$1(Future.scala:678)
	at scala.concurrent.impl.Promise$Transformation.run(Promise.scala:467)
	at java.util.concurrent.ThreadPoolExecutor.runWorker(ThreadPoolExecutor.java:1149)
	at java.util.concurrent.ThreadPoolExecutor$Worker.run(ThreadPoolExecutor.java:624)
	at java.lang.Thread.run(Thread.java:750)

2022.06.26 19:23:00 ERROR text document: file:///Users/tarek.a/code/SparkPlayground/ece-454-redeveloped/word-count-test/src/main/scala/SparkWordCount.scala
java.nio.file.NoSuchFileException: /Users/tarek.a/code/SparkPlayground/ece-454-redeveloped/word-count-test/src/main/scala/SparkWordCount.scala
	at sun.nio.fs.UnixException.translateToIOException(UnixException.java:86)
	at sun.nio.fs.UnixException.rethrowAsIOException(UnixException.java:102)
	at sun.nio.fs.UnixException.rethrowAsIOException(UnixException.java:107)
	at sun.nio.fs.UnixFileSystemProvider.newByteChannel(UnixFileSystemProvider.java:214)
	at java.nio.file.Files.newByteChannel(Files.java:361)
	at java.nio.file.Files.newByteChannel(Files.java:407)
	at java.nio.file.Files.readAllBytes(Files.java:3152)
	at scala.meta.internal.io.PlatformFileIO$.slurp(PlatformFileIO.scala:45)
	at scala.meta.internal.io.FileIO$.slurp(FileIO.scala:24)
	at scala.meta.internal.metals.InteractiveSemanticdbs.$anonfun$textDocument$2(InteractiveSemanticdbs.scala:90)
	at scala.Option.getOrElse(Option.scala:201)
	at scala.meta.internal.metals.InteractiveSemanticdbs.$anonfun$textDocument$1(InteractiveSemanticdbs.scala:90)
	at java.util.HashMap.compute(HashMap.java:1198)
	at java.util.Collections$SynchronizedMap.compute(Collections.java:2684)
	at scala.meta.internal.metals.InteractiveSemanticdbs.textDocument(InteractiveSemanticdbs.scala:89)
	at scala.meta.internal.metals.InteractiveSemanticdbs.textDocument(InteractiveSemanticdbs.scala:63)
	at scala.meta.internal.metals.AggregateSemanticdbs.loop$1(AggregateSemanticdbs.scala:30)
	at scala.meta.internal.metals.AggregateSemanticdbs.textDocument(AggregateSemanticdbs.scala:36)
	at scala.meta.internal.metals.CodeLensProvider.findLenses(CodeLensProvider.scala:22)
	at scala.meta.internal.metals.MetalsLanguageServer.$anonfun$codeLens$2(MetalsLanguageServer.scala:1662)
	at scala.meta.internal.metals.TimerProvider.timedThunk(TimerProvider.scala:25)
	at scala.meta.internal.metals.MetalsLanguageServer.$anonfun$codeLens$1(MetalsLanguageServer.scala:1660)
	at scala.meta.internal.metals.CancelTokens$.$anonfun$apply$2(CancelTokens.scala:26)
	at scala.concurrent.Future$.$anonfun$apply$1(Future.scala:678)
	at scala.concurrent.impl.Promise$Transformation.run(Promise.scala:467)
	at java.util.concurrent.ThreadPoolExecutor.runWorker(ThreadPoolExecutor.java:1149)
	at java.util.concurrent.ThreadPoolExecutor$Worker.run(ThreadPoolExecutor.java:624)
	at java.lang.Thread.run(Thread.java:750)

2022.06.26 19:23:14 WARN  no build target for: /Users/tarek.a/code/SparkPlayground/original-assignment/SparkWC.scala
2022.06.26 19:24:22 WARN  no build target for: /Users/tarek.a/code/SparkPlayground/redeveloped-assignment/word-count-test/src/main/scala/SparkWordCount.scala
2022.06.26 19:24:53 INFO  shutting down Metals
2022.07.04 11:24:19 INFO  tracing is disabled for protocol LSP, to enable tracing of incoming and outgoing JSON messages create an empty file at /Users/tarek.a/code/SparkPlayground/.metals/lsp.trace.json or /Users/tarek.a/Library/Caches/org.scalameta.metals/lsp.trace.json[0m
2022.07.04 11:24:19 INFO  logging to file /Users/tarek.a/code/SparkPlayground/.metals/metals.log[0m
2022.07.04 11:24:19 INFO  Started: Metals version 0.11.6 in workspace '/Users/tarek.a/code/SparkPlayground' for client Visual Studio Code 1.68.1.[0m
2022.07.04 11:24:20 INFO  time: initialize in 0.59s[0m
2022.07.04 11:24:20 WARN  Flyway upgrade recommended: H2 2.1.212 is newer than this version of Flyway and support has not been tested. The latest supported version of H2 is 2.1.210.[0m
2022.07.04 11:24:20 WARN  Build server is not auto-connectable.[0m
2022.07.04 11:24:20 WARN  no build tool detected in workspace '/Users/tarek.a/code/SparkPlayground'. The most common cause for this problem is that the editor was opened in the wrong working directory, for example if you use sbt then the workspace directory should contain build.sbt. [0m
2022.07.04 11:26:36 WARN  no build target for: /Users/tarek.a/code/SparkPlayground/redeveloped-assignment/WordCount/src/main/scala/SparkWordCount.scala[0m
2022.07.04 11:26:38 INFO  no build target found for /Users/tarek.a/code/SparkPlayground/redeveloped-assignment/WordCount/src/main/scala/SparkWordCount.scala. Using presentation compiler with project's scala-library version: 3.1.2[0m
2022.07.04 11:26:40 INFO  time: code lens generation in 3.29s[0m
2022.07.04 11:28:40 INFO  shutting down Metals[0m
